#
# A fatal error has been detected by the Java Runtime Environment:
#
#  EXCEPTION_ACCESS_VIOLATION (0xc0000005) at pc=0x00007ff9a0fdd94c, pid=42928, tid=38020
#
# JRE version: OpenJDK Runtime Environment Temurin-17.0.1+12 (17.0.1+12) (build 17.0.1+12)
# Java VM: OpenJDK 64-Bit Server VM Temurin-17.0.1+12 (17.0.1+12, mixed mode, tiered, compressed oops, compressed class ptrs, g1 gc, windows-amd64)
# Problematic frame:
# C  [gdal302.dll+0xbd94c]
#
# No core dump will be written. Minidumps are not enabled by default on client versions of Windows
#
# If you would like to submit a bug report, please visit:
#   https://github.com/adoptium/adoptium-support/issues
# The crash happened outside the Java Virtual Machine in native code.
# See problematic frame for where to report the bug.
#

---------------  S U M M A R Y ------------

Command Line: -Djava.library.path=D:\zhaozheng\Public\SinMap\FSModel\libs -Dfile.encoding=GBK -XX:+ShowCodeDetailsInExceptionMessages FSModelTest.FSModelTest

Host: AMD Ryzen 7 5800H with Radeon Graphics         , 16 cores, 15G,  Windows 10 , 64 bit Build 19041 (10.0.19041.1348)
Time: Sat Dec 11 20:38:13 2021  Windows 10 , 64 bit Build 19041 (10.0.19041.1348) elapsed time: 0.216560 seconds (0d 0h 0m 0s)

---------------  T H R E A D  ---------------

Current thread (0x00000201ac445920):  JavaThread "Finalizer" daemon [_thread_in_native, id=38020, stack(0x00000069b2800000,0x00000069b2900000)]

Stack: [0x00000069b2800000,0x00000069b2900000],  sp=0x00000069b28fefb8,  free space=1019k
Native frames: (J=compiled Java code, j=interpreted, Vv=VM code, C=native code)
C  [gdal302.dll+0xbd94c]

Java frames: (J=compiled Java code, j=interpreted, Vv=VM code)
j  org.gdal.gdal.gdalJNI.delete_Dataset(J)V+0
j  org.gdal.gdal.Dataset.delete()V+25
j  org.gdal.gdal.Dataset.finalize()V+1
j  java.lang.System$2.invokeFinalize(Ljava/lang/Object;)V+1 java.base@17.0.1
j  java.lang.ref.Finalizer.runFinalizer(Ljdk/internal/access/JavaLangAccess;)V+115 java.base@17.0.1
j  java.lang.ref.Finalizer$FinalizerThread.run()V+46 java.base@17.0.1
v  ~StubRoutines::call_stub

siginfo: EXCEPTION_ACCESS_VIOLATION (0xc0000005), reading address 0x0000000000000003


Register to memory mapping:

RIP=0x00007ff9a0fdd94c gdal302.dll
RAX=0x0000000000000003 is an unknown value
RBX={method} {0x00000201ac01cfc8} 'delete_Dataset' '(J)V' in 'org/gdal/gdal/gdalJNI'
RCX=0x00000201ac725f90 points into unknown readable memory: 0x0000000000000000 | 00 00 00 00 00 00 00 00
RDX=0x0000000000000001 is an unknown value
RSP=0x00000069b28fefb8 is pointing into the stack for thread: 0x00000201ac445920
RBP=0x00000069b28ff038 is pointing into the stack for thread: 0x00000201ac445920
RSI=0x00000069b28ff720 is pointing into the stack for thread: 0x00000201ac445920
RDI=0x000002018f3094fe is at code_begin+1118 in an Interpreter codelet
return entry points  [0x000002018f3090a0, 0x000002018f309ba0]  2816 bytes
R8 =0x00000201ac725f90 points into unknown readable memory: 0x0000000000000000 | 00 00 00 00 00 00 00 00
R9 =0x000000070341ee58 is an oop: org.gdal.gdal.Dataset 
{0x000000070341ee58} - klass: 'org/gdal/gdal/Dataset'
 - ---- fields (total size 5 words):
 - protected 'swigCMemOwn' 'Z' @12  false
 - private 'swigCPtr' 'J' @16  2206211399568 (ac725f90 201)
 - private 'parentReference' 'Ljava/lang/Object;' @24  NULL (0)
 - private 'swigCPtr' 'J' @32  2206211399568 (ac725f90 201)
R10=0x000002018f30d5f2 is at code_begin+946 in an Interpreter codelet
method entry point (kind = native)  [0x000002018f30d240, 0x000002018f30dbc0]  2432 bytes
R11=0x0000000710a38bc8 is an oop: java.lang.Class 
{0x0000000710a38bc8} - klass: 'java/lang/Class'
 - ---- fields (total size 15 words):
 - private volatile transient 'classRedefinedCount' 'I' @12  0
 - private volatile transient 'cachedConstructor' 'Ljava/lang/reflect/Constructor;' @40  NULL (0)
 - private transient 'name' 'Ljava/lang/String;' @44  "org.gdal.gdal.gdalJNI"{0x0000000710a38c40} (e2147188)
 - private transient 'module' 'Ljava/lang/Module;' @48  a 'java/lang/Module'{0x0000000710a457b8} (e2148af7)
 - private final 'classLoader' 'Ljava/lang/ClassLoader;' @52  a 'jdk/internal/loader/ClassLoaders$AppClassLoader'{0x0000000710a34048} (e2146809)
 - private transient 'classData' 'Ljava/lang/Object;' @56  NULL (0)
 - private transient 'packageName' 'Ljava/lang/String;' @60  "org.gdal.gdal"{0x0000000710a11c88} (e2142391)
 - private final 'componentType' 'Ljava/lang/Class;' @64  NULL (0)
 - private volatile transient 'reflectionData' 'Ljava/lang/ref/SoftReference;' @68  NULL (0)
 - private volatile transient 'genericInfo' 'Lsun/reflect/generics/repository/ClassRepository;' @72  NULL (0)
 - private volatile transient 'enumConstants' '[Ljava/lang/Object;' @76  NULL (0)
 - private volatile transient 'enumConstantDirectory' 'Ljava/util/Map;' @80  NULL (0)
 - private volatile transient 'annotationData' 'Ljava/lang/Class$AnnotationData;' @84  NULL (0)
 - private volatile transient 'annotationType' 'Lsun/reflect/annotation/AnnotationType;' @88  NULL (0)
 - transient 'classValueMap' 'Ljava/lang/ClassValue$ClassValueMap;' @92  NULL (0)
 - signature: Lorg/gdal/gdal/gdalJNI;
 - fake entry for mirror: 'org/gdal/gdal/gdalJNI'
 - fake entry for array: NULL
 - fake entry for oop_size: 15
 - fake entry for static_oop_field_count: 0
 - private static 'available' 'Z' @112  true
R12=0x0 is NULL
R13={method} {0x00000201ac01cfc8} 'delete_Dataset' '(J)V' in 'org/gdal/gdal/gdalJNI'
R14=0x00000069b28ff060 is pointing into the stack for thread: 0x00000201ac445920
R15=0x00000201ac445920 is a thread


Registers:
RAX=0x0000000000000003, RBX=0x00000201ac01cfc0, RCX=0x00000201ac725f90, RDX=0x0000000000000001
RSP=0x00000069b28fefb8, RBP=0x00000069b28ff038, RSI=0x00000069b28ff720, RDI=0x000002018f3094fe
R8 =0x00000201ac725f90, R9 =0x000000070341ee58, R10=0x000002018f30d5f2, R11=0x0000000710a38bc8
R12=0x0000000000000000, R13=0x00000201ac01cfc0, R14=0x00000069b28ff060, R15=0x00000201ac445920
RIP=0x00007ff9a0fdd94c, EFLAGS=0x0000000000010282

Top of Stack: (sp=0x00000069b28fefb8)
0x00000069b28fefb8:   000002018f30d621 00000201ac445920
0x00000069b28fefc8:   0000000000000001 00000201ac445920
0x00000069b28fefd8:   000002018f3094fe 00000069b28ff720
0x00000069b28fefe8:   00007ff9af87ab29 00000069b28feff0
0x00000069b28feff8:   0000000000000000 00000069b28ff060
0x00000069b28ff008:   00000201ac030348 0000000000000000
0x00000069b28ff018:   0000000710a38bc8 00000201ac01cfc0
0x00000069b28ff028:   0000000000000000 00000069b28ff058
0x00000069b28ff038:   00000069b28ff0c0 000002018f3094fe
0x00000069b28ff048:   0000000710a38bc8 000002018f30af78
0x00000069b28ff058:   00000201ac725f90 0000000000000000
0x00000069b28ff068:   0000000000000001 000000070341ee58
0x00000069b28ff078:   00000069b28ff068 00000201ac041889
0x00000069b28ff088:   00000069b28ff0d0 00000201ac049fc8
0x00000069b28ff098:   00000201ac05a730 0000000710a455b0
0x00000069b28ff0a8:   00000201ac0418b0 00000069b28ff058 

Instructions: (pc=0x00007ff9a0fdd94c)
0x00007ff9a0fdd84c:   7c 24 68 48 85 c9 74 0f 4c 8b c6 48 8d 15 92 8a
0x00007ff9a0fdd85c:   00 00 e8 3d a2 f6 ff 48 8b 05 e6 27 47 01 8b 58
0x00007ff9a0fdd86c:   08 48 8d 4c 24 30 e8 49 22 f8 ff 8b c3 48 8b 5c
0x00007ff9a0fdd87c:   24 60 48 83 c4 50 5e c3 cc cc cc cc cc cc cc cc
0x00007ff9a0fdd88c:   cc cc cc cc 48 83 ec 38 48 85 c9 75 2c 8d 51 0a
0x00007ff9a0fdd89c:   48 8d 05 a5 8f d3 00 8d 4a f9 48 89 44 24 20 4c
0x00007ff9a0fdd8ac:   8d 0d ae 8f d3 00 4c 8d 05 b7 8f d3 00 e8 72 25
0x00007ff9a0fdd8bc:   f6 ff 33 c0 48 83 c4 38 c3 48 8b 01 48 83 c4 38
0x00007ff9a0fdd8cc:   48 ff a0 90 00 00 00 cc cc cc cc cc cc cc cc cc
0x00007ff9a0fdd8dc:   cc cc cc cc 48 83 ec 38 48 85 c9 75 2c 8d 51 0a
0x00007ff9a0fdd8ec:   48 8d 05 35 92 d3 00 8d 4a f9 48 89 44 24 20 4c
0x00007ff9a0fdd8fc:   8d 0d da 90 d3 00 4c 8d 05 2f 92 d3 00 e8 22 25
0x00007ff9a0fdd90c:   f6 ff 33 c0 48 83 c4 38 c3 48 8b 01 48 83 c4 38
0x00007ff9a0fdd91c:   48 ff a0 98 00 00 00 cc cc cc cc cc cc cc cc cc
0x00007ff9a0fdd92c:   cc cc cc cc 48 85 c9 74 1a 80 79 69 00 74 09 ff
0x00007ff9a0fdd93c:   49 64 83 79 64 00 7f 0b 48 8b 01 ba 01 00 00 00
0x00007ff9a0fdd94c:   48 ff 20 c3 cc cc cc cc cc cc cc cc cc cc cc cc
0x00007ff9a0fdd95c:   cc cc cc cc 48 83 ec 38 48 85 c9 75 2c 8d 51 0a
0x00007ff9a0fdd96c:   48 8d 05 d5 ae d3 00 8d 4a f9 48 89 44 24 20 4c
0x00007ff9a0fdd97c:   8d 0d de ae d3 00 4c 8d 05 e7 ae d3 00 e8 a2 24
0x00007ff9a0fdd98c:   f6 ff 33 c0 48 83 c4 38 c3 8b 41 4c 48 83 c4 38
0x00007ff9a0fdd99c:   c3 cc cc cc cc cc cc cc cc cc cc cc cc cc cc cc
0x00007ff9a0fdd9ac:   cc cc cc cc 48 83 ec 38 48 85 c9 75 2c 8d 51 0a
0x00007ff9a0fdd9bc:   48 8d 05 2d af d3 00 8d 4a f9 48 89 44 24 20 4c
0x00007ff9a0fdd9cc:   8d 0d 36 af d3 00 4c 8d 05 3f af d3 00 e8 52 24
0x00007ff9a0fdd9dc:   f6 ff 33 c0 48 83 c4 38 c3 8b 41 50 48 83 c4 38
0x00007ff9a0fdd9ec:   c3 cc cc cc cc cc cc cc cc cc cc cc cc cc cc cc
0x00007ff9a0fdd9fc:   cc cc cc cc 48 83 ec 38 48 85 c9 75 2c 8d 51 0a
0x00007ff9a0fdda0c:   48 8d 05 25 b0 d3 00 8d 4a f9 48 89 44 24 20 4c
0x00007ff9a0fdda1c:   8d 0d 92 9d d3 00 4c 8d 05 27 b0 d3 00 e8 02 24
0x00007ff9a0fdda2c:   f6 ff 33 c0 48 83 c4 38 c3 48 83 79 58 00 74 f2
0x00007ff9a0fdda3c:   8b 41 54 48 83 c4 38 c3 cc cc cc cc cc cc cc cc 


Stack slot to memory mapping:
stack at sp + 0 slots: 0x000002018f30d621 is at code_begin+993 in an Interpreter codelet
method entry point (kind = native)  [0x000002018f30d240, 0x000002018f30dbc0]  2432 bytes
stack at sp + 1 slots: 0x00000201ac445920 is a thread
stack at sp + 2 slots: 0x0000000000000001 is an unknown value
stack at sp + 3 slots: 0x00000201ac445920 is a thread
stack at sp + 4 slots: 0x000002018f3094fe is at code_begin+1118 in an Interpreter codelet
return entry points  [0x000002018f3090a0, 0x000002018f309ba0]  2816 bytes
stack at sp + 5 slots: 0x00000069b28ff720 is pointing into the stack for thread: 0x00000201ac445920
stack at sp + 6 slots: 0x00007ff9af87ab29 jvm.dll
stack at sp + 7 slots: 0x00000069b28feff0 is pointing into the stack for thread: 0x00000201ac445920


---------------  P R O C E S S  ---------------

Threads class SMR info:
_java_thread_list=0x00000201ac62b7d0, length=14, elements={
0x000002018a47c990, 0x00000201aba0e330, 0x00000201ac445920, 0x00000201ac46b1e0,
0x00000201ac46cbb0, 0x00000201ac46e670, 0x00000201ac4a7810, 0x00000201ac4b3a00,
0x00000201ac4b4c10, 0x00000201ac4c81e0, 0x00000201ac609ba0, 0x00000201ac60a0b0,
0x00000201ac619b00, 0x00000201ac62bb30
}

Java Threads: ( => current thread )
  0x000002018a47c990 JavaThread "main" [_thread_in_Java, id=41756, stack(0x00000069b2000000,0x00000069b2100000)]
  0x00000201aba0e330 JavaThread "Reference Handler" daemon [_thread_blocked, id=41824, stack(0x00000069b2700000,0x00000069b2800000)]
=>0x00000201ac445920 JavaThread "Finalizer" daemon [_thread_in_native, id=38020, stack(0x00000069b2800000,0x00000069b2900000)]
  0x00000201ac46b1e0 JavaThread "Signal Dispatcher" daemon [_thread_blocked, id=26524, stack(0x00000069b2900000,0x00000069b2a00000)]
  0x00000201ac46cbb0 JavaThread "Attach Listener" daemon [_thread_blocked, id=38316, stack(0x00000069b2a00000,0x00000069b2b00000)]
  0x00000201ac46e670 JavaThread "Service Thread" daemon [_thread_blocked, id=18424, stack(0x00000069b2b00000,0x00000069b2c00000)]
  0x00000201ac4a7810 JavaThread "Monitor Deflation Thread" daemon [_thread_blocked, id=38624, stack(0x00000069b2c00000,0x00000069b2d00000)]
  0x00000201ac4b3a00 JavaThread "C2 CompilerThread0" daemon [_thread_in_native, id=34704, stack(0x00000069b2d00000,0x00000069b2e00000)]
  0x00000201ac4b4c10 JavaThread "C1 CompilerThread0" daemon [_thread_blocked, id=29460, stack(0x00000069b2e00000,0x00000069b2f00000)]
  0x00000201ac4c81e0 JavaThread "Sweeper thread" daemon [_thread_blocked, id=27056, stack(0x00000069b2f00000,0x00000069b3000000)]
  0x00000201ac609ba0 JavaThread "C1 CompilerThread1" daemon [_thread_blocked, id=38300, stack(0x00000069b3000000,0x00000069b3100000)]
  0x00000201ac60a0b0 JavaThread "C1 CompilerThread2" daemon [_thread_blocked, id=31192, stack(0x00000069b3100000,0x00000069b3200000)]
  0x00000201ac619b00 JavaThread "Notification Thread" daemon [_thread_blocked, id=41320, stack(0x00000069b3200000,0x00000069b3300000)]
  0x00000201ac62bb30 JavaThread "Common-Cleaner" daemon [_thread_blocked, id=41120, stack(0x00000069b3400000,0x00000069b3500000)]

Other Threads:
  0x00000201aba08680 VMThread "VM Thread" [stack: 0x00000069b2600000,0x00000069b2700000] [id=34948]
  0x00000201ac61a7f0 WatcherThread [stack: 0x00000069b3300000,0x00000069b3400000] [id=20912]
  0x000002018a4cca20 GCTaskThread "GC Thread#0" [stack: 0x00000069b2100000,0x00000069b2200000] [id=39656]
  0x00000201ac7d29f0 GCTaskThread "GC Thread#1" [stack: 0x00000069b3500000,0x00000069b3600000] [id=10724]
  0x00000201ac7d2490 GCTaskThread "GC Thread#2" [stack: 0x00000069b3600000,0x00000069b3700000] [id=39056]
  0x00000201ac7d1720 GCTaskThread "GC Thread#3" [stack: 0x00000069b3700000,0x00000069b3800000] [id=33260]
  0x00000201ac7d2ca0 GCTaskThread "GC Thread#4" [stack: 0x00000069b3800000,0x00000069b3900000] [id=40324]
  0x00000201ac7d1470 GCTaskThread "GC Thread#5" [stack: 0x00000069b3900000,0x00000069b3a00000] [id=25748]
  0x000002018a4deed0 ConcurrentGCThread "G1 Main Marker" [stack: 0x00000069b2200000,0x00000069b2300000] [id=4808]
  0x000002018a4df8e0 ConcurrentGCThread "G1 Conc#0" [stack: 0x00000069b2300000,0x00000069b2400000] [id=38132]
  0x000002018a55e7d0 ConcurrentGCThread "G1 Refine#0" [stack: 0x00000069b2400000,0x00000069b2500000] [id=41360]
  0x00000201ab894d50 ConcurrentGCThread "G1 Service" [stack: 0x00000069b2500000,0x00000069b2600000] [id=14452]

Threads with active compile tasks:
C2 CompilerThread0      263  117 %     4       FSModel.FSModelCore::calculateSaturationFactor @ 22 (298 bytes)

VM state: not at safepoint (normal execution)

VM Mutex/Monitor currently owned by a thread: None

Heap address: 0x0000000702400000, size: 4060 MB, Compressed Oops mode: Zero based, Oop shift amount: 3

CDS archive(s) not mapped
Compressed class space mapped at: 0x0000000800000000-0x0000000840000000, reserved size: 1073741824
Narrow klass base: 0x0000000800000000, Narrow klass shift: 0, Narrow klass range: 0x40000000

GC Precious Log:
 CPUs: 16 total, 16 available
 Memory: 16236M
 Large Page Support: Disabled
 NUMA Support: Disabled
 Compressed Oops: Enabled (Zero based)
 Heap Region Size: 2M
 Heap Min Capacity: 8M
 Heap Initial Capacity: 254M
 Heap Max Capacity: 4060M
 Pre-touch: Disabled
 Parallel Workers: 13
 Concurrent Workers: 3
 Concurrent Refinement Workers: 13
 Periodic GC: Disabled

Heap:
 garbage-first heap   total 260096K, used 34696K [0x0000000702400000, 0x0000000800000000)
  region size 2048K, 8 young (16384K), 2 survivors (4096K)
 Metaspace       used 5113K, committed 5248K, reserved 1056768K
  class space    used 408K, committed 512K, reserved 1048576K

Heap Regions: E=young(eden), S=young(survivor), O=old, HS=humongous(starts), HC=humongous(continues), CS=collection set, F=free, OA=open archive, CA=closed archive, TAMS=top-at-mark-start (previous, next)
|   0|0x0000000702400000, 0x0000000702600000, 0x0000000702600000|100%|HS|  |TAMS 0x0000000702400000, 0x0000000702400000| Complete 
|   1|0x0000000702600000, 0x0000000702800000, 0x0000000702800000|100%|HC|  |TAMS 0x0000000702600000, 0x0000000702600000| Complete 
|   2|0x0000000702800000, 0x0000000702800000, 0x0000000702a00000|  0%| F|  |TAMS 0x0000000702800000, 0x0000000702800000| Untracked 
|   3|0x0000000702a00000, 0x0000000702a00000, 0x0000000702c00000|  0%| F|  |TAMS 0x0000000702a00000, 0x0000000702a00000| Untracked 
|   4|0x0000000702c00000, 0x0000000702c00000, 0x0000000702e00000|  0%| F|  |TAMS 0x0000000702c00000, 0x0000000702c00000| Untracked 
|   5|0x0000000702e00000, 0x0000000702e00000, 0x0000000703000000|  0%| F|  |TAMS 0x0000000702e00000, 0x0000000702e00000| Untracked 
|   6|0x0000000703000000, 0x0000000703000000, 0x0000000703200000|  0%| F|  |TAMS 0x0000000703000000, 0x0000000703000000| Untracked 
|   7|0x0000000703200000, 0x0000000703200000, 0x0000000703400000|  0%| F|  |TAMS 0x0000000703200000, 0x0000000703200000| Untracked 
|   8|0x0000000703400000, 0x0000000703600000, 0x0000000703600000|100%| O|  |TAMS 0x0000000703400000, 0x0000000703400000| Untracked 
|   9|0x0000000703600000, 0x0000000703800000, 0x0000000703800000|100%| O|  |TAMS 0x0000000703600000, 0x0000000703600000| Untracked 
|  10|0x0000000703800000, 0x0000000703a00000, 0x0000000703a00000|100%| O|  |TAMS 0x0000000703800000, 0x0000000703800000| Untracked 
|  11|0x0000000703a00000, 0x0000000703c00000, 0x0000000703c00000|100%| O|  |TAMS 0x0000000703a00000, 0x0000000703a00000| Untracked 
|  12|0x0000000703c00000, 0x0000000703e00000, 0x0000000703e00000|100%| O|  |TAMS 0x0000000703c00000, 0x0000000703c00000| Untracked 
|  13|0x0000000703e00000, 0x0000000704000000, 0x0000000704000000|100%| O|  |TAMS 0x0000000703e00000, 0x0000000703e00000| Untracked 
|  14|0x0000000704000000, 0x0000000704200000, 0x0000000704200000|100%| O|  |TAMS 0x0000000704000000, 0x0000000704000000| Untracked 
|  15|0x0000000704200000, 0x00000007043e2200, 0x0000000704400000| 94%| O|  |TAMS 0x0000000704200000, 0x0000000704200000| Untracked 
|  16|0x0000000704400000, 0x0000000704400000, 0x0000000704600000|  0%| F|  |TAMS 0x0000000704400000, 0x0000000704400000| Untracked 
|  17|0x0000000704600000, 0x0000000704600000, 0x0000000704800000|  0%| F|  |TAMS 0x0000000704600000, 0x0000000704600000| Untracked 
|  18|0x0000000704800000, 0x0000000704800000, 0x0000000704a00000|  0%| F|  |TAMS 0x0000000704800000, 0x0000000704800000| Untracked 
|  19|0x0000000704a00000, 0x0000000704a00000, 0x0000000704c00000|  0%| F|  |TAMS 0x0000000704a00000, 0x0000000704a00000| Untracked 
|  20|0x0000000704c00000, 0x0000000704c00000, 0x0000000704e00000|  0%| F|  |TAMS 0x0000000704c00000, 0x0000000704c00000| Untracked 
|  21|0x0000000704e00000, 0x0000000704e00000, 0x0000000705000000|  0%| F|  |TAMS 0x0000000704e00000, 0x0000000704e00000| Untracked 
|  22|0x0000000705000000, 0x0000000705000000, 0x0000000705200000|  0%| F|  |TAMS 0x0000000705000000, 0x0000000705000000| Untracked 
|  23|0x0000000705200000, 0x0000000705200000, 0x0000000705400000|  0%| F|  |TAMS 0x0000000705200000, 0x0000000705200000| Untracked 
|  24|0x0000000705400000, 0x0000000705400000, 0x0000000705600000|  0%| F|  |TAMS 0x0000000705400000, 0x0000000705400000| Untracked 
|  25|0x0000000705600000, 0x0000000705600000, 0x0000000705800000|  0%| F|  |TAMS 0x0000000705600000, 0x0000000705600000| Untracked 
|  26|0x0000000705800000, 0x0000000705800000, 0x0000000705a00000|  0%| F|  |TAMS 0x0000000705800000, 0x0000000705800000| Untracked 
|  27|0x0000000705a00000, 0x0000000705a00000, 0x0000000705c00000|  0%| F|  |TAMS 0x0000000705a00000, 0x0000000705a00000| Untracked 
|  28|0x0000000705c00000, 0x0000000705c00000, 0x0000000705e00000|  0%| F|  |TAMS 0x0000000705c00000, 0x0000000705c00000| Untracked 
|  29|0x0000000705e00000, 0x0000000705e00000, 0x0000000706000000|  0%| F|  |TAMS 0x0000000705e00000, 0x0000000705e00000| Untracked 
|  30|0x0000000706000000, 0x0000000706000000, 0x0000000706200000|  0%| F|  |TAMS 0x0000000706000000, 0x0000000706000000| Untracked 
|  31|0x0000000706200000, 0x0000000706200000, 0x0000000706400000|  0%| F|  |TAMS 0x0000000706200000, 0x0000000706200000| Untracked 
|  32|0x0000000706400000, 0x0000000706400000, 0x0000000706600000|  0%| F|  |TAMS 0x0000000706400000, 0x0000000706400000| Untracked 
|  33|0x0000000706600000, 0x0000000706600000, 0x0000000706800000|  0%| F|  |TAMS 0x0000000706600000, 0x0000000706600000| Untracked 
|  34|0x0000000706800000, 0x0000000706800000, 0x0000000706a00000|  0%| F|  |TAMS 0x0000000706800000, 0x0000000706800000| Untracked 
|  35|0x0000000706a00000, 0x0000000706a00000, 0x0000000706c00000|  0%| F|  |TAMS 0x0000000706a00000, 0x0000000706a00000| Untracked 
|  36|0x0000000706c00000, 0x0000000706c00000, 0x0000000706e00000|  0%| F|  |TAMS 0x0000000706c00000, 0x0000000706c00000| Untracked 
|  37|0x0000000706e00000, 0x0000000706e00000, 0x0000000707000000|  0%| F|  |TAMS 0x0000000706e00000, 0x0000000706e00000| Untracked 
|  38|0x0000000707000000, 0x0000000707000000, 0x0000000707200000|  0%| F|  |TAMS 0x0000000707000000, 0x0000000707000000| Untracked 
|  39|0x0000000707200000, 0x0000000707200000, 0x0000000707400000|  0%| F|  |TAMS 0x0000000707200000, 0x0000000707200000| Untracked 
|  40|0x0000000707400000, 0x0000000707400000, 0x0000000707600000|  0%| F|  |TAMS 0x0000000707400000, 0x0000000707400000| Untracked 
|  41|0x0000000707600000, 0x0000000707600000, 0x0000000707800000|  0%| F|  |TAMS 0x0000000707600000, 0x0000000707600000| Untracked 
|  42|0x0000000707800000, 0x0000000707800000, 0x0000000707a00000|  0%| F|  |TAMS 0x0000000707800000, 0x0000000707800000| Untracked 
|  43|0x0000000707a00000, 0x0000000707a00000, 0x0000000707c00000|  0%| F|  |TAMS 0x0000000707a00000, 0x0000000707a00000| Untracked 
|  44|0x0000000707c00000, 0x0000000707c00000, 0x0000000707e00000|  0%| F|  |TAMS 0x0000000707c00000, 0x0000000707c00000| Untracked 
|  45|0x0000000707e00000, 0x0000000707e00000, 0x0000000708000000|  0%| F|  |TAMS 0x0000000707e00000, 0x0000000707e00000| Untracked 
|  46|0x0000000708000000, 0x0000000708000000, 0x0000000708200000|  0%| F|  |TAMS 0x0000000708000000, 0x0000000708000000| Untracked 
|  47|0x0000000708200000, 0x0000000708200000, 0x0000000708400000|  0%| F|  |TAMS 0x0000000708200000, 0x0000000708200000| Untracked 
|  48|0x0000000708400000, 0x0000000708400000, 0x0000000708600000|  0%| F|  |TAMS 0x0000000708400000, 0x0000000708400000| Untracked 
|  49|0x0000000708600000, 0x0000000708600000, 0x0000000708800000|  0%| F|  |TAMS 0x0000000708600000, 0x0000000708600000| Untracked 
|  50|0x0000000708800000, 0x0000000708800000, 0x0000000708a00000|  0%| F|  |TAMS 0x0000000708800000, 0x0000000708800000| Untracked 
|  51|0x0000000708a00000, 0x0000000708a00000, 0x0000000708c00000|  0%| F|  |TAMS 0x0000000708a00000, 0x0000000708a00000| Untracked 
|  52|0x0000000708c00000, 0x0000000708c00000, 0x0000000708e00000|  0%| F|  |TAMS 0x0000000708c00000, 0x0000000708c00000| Untracked 
|  53|0x0000000708e00000, 0x0000000708e00000, 0x0000000709000000|  0%| F|  |TAMS 0x0000000708e00000, 0x0000000708e00000| Untracked 
|  54|0x0000000709000000, 0x0000000709000000, 0x0000000709200000|  0%| F|  |TAMS 0x0000000709000000, 0x0000000709000000| Untracked 
|  55|0x0000000709200000, 0x0000000709200000, 0x0000000709400000|  0%| F|  |TAMS 0x0000000709200000, 0x0000000709200000| Untracked 
|  56|0x0000000709400000, 0x0000000709400000, 0x0000000709600000|  0%| F|  |TAMS 0x0000000709400000, 0x0000000709400000| Untracked 
|  57|0x0000000709600000, 0x0000000709600000, 0x0000000709800000|  0%| F|  |TAMS 0x0000000709600000, 0x0000000709600000| Untracked 
|  58|0x0000000709800000, 0x0000000709800000, 0x0000000709a00000|  0%| F|  |TAMS 0x0000000709800000, 0x0000000709800000| Untracked 
|  59|0x0000000709a00000, 0x0000000709a00000, 0x0000000709c00000|  0%| F|  |TAMS 0x0000000709a00000, 0x0000000709a00000| Untracked 
|  60|0x0000000709c00000, 0x0000000709c00000, 0x0000000709e00000|  0%| F|  |TAMS 0x0000000709c00000, 0x0000000709c00000| Untracked 
|  61|0x0000000709e00000, 0x0000000709e00000, 0x000000070a000000|  0%| F|  |TAMS 0x0000000709e00000, 0x0000000709e00000| Untracked 
|  62|0x000000070a000000, 0x000000070a000000, 0x000000070a200000|  0%| F|  |TAMS 0x000000070a000000, 0x000000070a000000| Untracked 
|  63|0x000000070a200000, 0x000000070a200000, 0x000000070a400000|  0%| F|  |TAMS 0x000000070a200000, 0x000000070a200000| Untracked 
|  64|0x000000070a400000, 0x000000070a400000, 0x000000070a600000|  0%| F|  |TAMS 0x000000070a400000, 0x000000070a400000| Untracked 
|  65|0x000000070a600000, 0x000000070a600000, 0x000000070a800000|  0%| F|  |TAMS 0x000000070a600000, 0x000000070a600000| Untracked 
|  66|0x000000070a800000, 0x000000070a800000, 0x000000070aa00000|  0%| F|  |TAMS 0x000000070a800000, 0x000000070a800000| Untracked 
|  67|0x000000070aa00000, 0x000000070aa00000, 0x000000070ac00000|  0%| F|  |TAMS 0x000000070aa00000, 0x000000070aa00000| Untracked 
|  68|0x000000070ac00000, 0x000000070ac00000, 0x000000070ae00000|  0%| F|  |TAMS 0x000000070ac00000, 0x000000070ac00000| Untracked 
|  69|0x000000070ae00000, 0x000000070ae00000, 0x000000070b000000|  0%| F|  |TAMS 0x000000070ae00000, 0x000000070ae00000| Untracked 
|  70|0x000000070b000000, 0x000000070b000000, 0x000000070b200000|  0%| F|  |TAMS 0x000000070b000000, 0x000000070b000000| Untracked 
|  71|0x000000070b200000, 0x000000070b200000, 0x000000070b400000|  0%| F|  |TAMS 0x000000070b200000, 0x000000070b200000| Untracked 
|  72|0x000000070b400000, 0x000000070b400000, 0x000000070b600000|  0%| F|  |TAMS 0x000000070b400000, 0x000000070b400000| Untracked 
|  73|0x000000070b600000, 0x000000070b600000, 0x000000070b800000|  0%| F|  |TAMS 0x000000070b600000, 0x000000070b600000| Untracked 
|  74|0x000000070b800000, 0x000000070b800000, 0x000000070ba00000|  0%| F|  |TAMS 0x000000070b800000, 0x000000070b800000| Untracked 
|  75|0x000000070ba00000, 0x000000070ba00000, 0x000000070bc00000|  0%| F|  |TAMS 0x000000070ba00000, 0x000000070ba00000| Untracked 
|  76|0x000000070bc00000, 0x000000070bc00000, 0x000000070be00000|  0%| F|  |TAMS 0x000000070bc00000, 0x000000070bc00000| Untracked 
|  77|0x000000070be00000, 0x000000070be00000, 0x000000070c000000|  0%| F|  |TAMS 0x000000070be00000, 0x000000070be00000| Untracked 
|  78|0x000000070c000000, 0x000000070c000000, 0x000000070c200000|  0%| F|  |TAMS 0x000000070c000000, 0x000000070c000000| Untracked 
|  79|0x000000070c200000, 0x000000070c200000, 0x000000070c400000|  0%| F|  |TAMS 0x000000070c200000, 0x000000070c200000| Untracked 
|  80|0x000000070c400000, 0x000000070c400000, 0x000000070c600000|  0%| F|  |TAMS 0x000000070c400000, 0x000000070c400000| Untracked 
|  81|0x000000070c600000, 0x000000070c600000, 0x000000070c800000|  0%| F|  |TAMS 0x000000070c600000, 0x000000070c600000| Untracked 
|  82|0x000000070c800000, 0x000000070c800000, 0x000000070ca00000|  0%| F|  |TAMS 0x000000070c800000, 0x000000070c800000| Untracked 
|  83|0x000000070ca00000, 0x000000070ca00000, 0x000000070cc00000|  0%| F|  |TAMS 0x000000070ca00000, 0x000000070ca00000| Untracked 
|  84|0x000000070cc00000, 0x000000070cc00000, 0x000000070ce00000|  0%| F|  |TAMS 0x000000070cc00000, 0x000000070cc00000| Untracked 
|  85|0x000000070ce00000, 0x000000070ce00000, 0x000000070d000000|  0%| F|  |TAMS 0x000000070ce00000, 0x000000070ce00000| Untracked 
|  86|0x000000070d000000, 0x000000070d000000, 0x000000070d200000|  0%| F|  |TAMS 0x000000070d000000, 0x000000070d000000| Untracked 
|  87|0x000000070d200000, 0x000000070d200000, 0x000000070d400000|  0%| F|  |TAMS 0x000000070d200000, 0x000000070d200000| Untracked 
|  88|0x000000070d400000, 0x000000070d400000, 0x000000070d600000|  0%| F|  |TAMS 0x000000070d400000, 0x000000070d400000| Untracked 
|  89|0x000000070d600000, 0x000000070d600000, 0x000000070d800000|  0%| F|  |TAMS 0x000000070d600000, 0x000000070d600000| Untracked 
|  90|0x000000070d800000, 0x000000070d800000, 0x000000070da00000|  0%| F|  |TAMS 0x000000070d800000, 0x000000070d800000| Untracked 
|  91|0x000000070da00000, 0x000000070da00000, 0x000000070dc00000|  0%| F|  |TAMS 0x000000070da00000, 0x000000070da00000| Untracked 
|  92|0x000000070dc00000, 0x000000070dc00000, 0x000000070de00000|  0%| F|  |TAMS 0x000000070dc00000, 0x000000070dc00000| Untracked 
|  93|0x000000070de00000, 0x000000070de00000, 0x000000070e000000|  0%| F|  |TAMS 0x000000070de00000, 0x000000070de00000| Untracked 
|  94|0x000000070e000000, 0x000000070e000000, 0x000000070e200000|  0%| F|  |TAMS 0x000000070e000000, 0x000000070e000000| Untracked 
|  95|0x000000070e200000, 0x000000070e200000, 0x000000070e400000|  0%| F|  |TAMS 0x000000070e200000, 0x000000070e200000| Untracked 
|  96|0x000000070e400000, 0x000000070e400000, 0x000000070e600000|  0%| F|  |TAMS 0x000000070e400000, 0x000000070e400000| Untracked 
|  97|0x000000070e600000, 0x000000070e600000, 0x000000070e800000|  0%| F|  |TAMS 0x000000070e600000, 0x000000070e600000| Untracked 
|  98|0x000000070e800000, 0x000000070e800000, 0x000000070ea00000|  0%| F|  |TAMS 0x000000070e800000, 0x000000070e800000| Untracked 
|  99|0x000000070ea00000, 0x000000070ea00000, 0x000000070ec00000|  0%| F|  |TAMS 0x000000070ea00000, 0x000000070ea00000| Untracked 
| 100|0x000000070ec00000, 0x000000070ec00000, 0x000000070ee00000|  0%| F|  |TAMS 0x000000070ec00000, 0x000000070ec00000| Untracked 
| 101|0x000000070ee00000, 0x000000070ee00000, 0x000000070f000000|  0%| F|  |TAMS 0x000000070ee00000, 0x000000070ee00000| Untracked 
| 102|0x000000070f000000, 0x000000070f000000, 0x000000070f200000|  0%| F|  |TAMS 0x000000070f000000, 0x000000070f000000| Untracked 
| 103|0x000000070f200000, 0x000000070f200000, 0x000000070f400000|  0%| F|  |TAMS 0x000000070f200000, 0x000000070f200000| Untracked 
| 104|0x000000070f400000, 0x000000070f400000, 0x000000070f600000|  0%| F|  |TAMS 0x000000070f400000, 0x000000070f400000| Untracked 
| 105|0x000000070f600000, 0x000000070f600000, 0x000000070f800000|  0%| F|  |TAMS 0x000000070f600000, 0x000000070f600000| Untracked 
| 106|0x000000070f800000, 0x000000070f800000, 0x000000070fa00000|  0%| F|  |TAMS 0x000000070f800000, 0x000000070f800000| Untracked 
| 107|0x000000070fa00000, 0x000000070fa00000, 0x000000070fc00000|  0%| F|  |TAMS 0x000000070fa00000, 0x000000070fa00000| Untracked 
| 108|0x000000070fc00000, 0x000000070fc00000, 0x000000070fe00000|  0%| F|  |TAMS 0x000000070fc00000, 0x000000070fc00000| Untracked 
| 109|0x000000070fe00000, 0x000000070fe00000, 0x0000000710000000|  0%| F|  |TAMS 0x000000070fe00000, 0x000000070fe00000| Untracked 
| 110|0x0000000710000000, 0x0000000710000000, 0x0000000710200000|  0%| F|  |TAMS 0x0000000710000000, 0x0000000710000000| Untracked 
| 111|0x0000000710200000, 0x0000000710200000, 0x0000000710400000|  0%| F|  |TAMS 0x0000000710200000, 0x0000000710200000| Untracked 
| 112|0x0000000710400000, 0x0000000710400000, 0x0000000710600000|  0%| F|  |TAMS 0x0000000710400000, 0x0000000710400000| Untracked 
| 113|0x0000000710600000, 0x0000000710600000, 0x0000000710800000|  0%| F|  |TAMS 0x0000000710600000, 0x0000000710600000| Untracked 
| 114|0x0000000710800000, 0x0000000710a00000, 0x0000000710a00000|100%| S|CS|TAMS 0x0000000710800000, 0x0000000710800000| Complete 
| 115|0x0000000710a00000, 0x0000000710c00000, 0x0000000710c00000|100%| S|CS|TAMS 0x0000000710a00000, 0x0000000710a00000| Complete 
| 116|0x0000000710c00000, 0x0000000710c00000, 0x0000000710e00000|  0%| F|  |TAMS 0x0000000710c00000, 0x0000000710c00000| Untracked 
| 117|0x0000000710e00000, 0x0000000710e00000, 0x0000000711000000|  0%| F|  |TAMS 0x0000000710e00000, 0x0000000710e00000| Untracked 
| 118|0x0000000711000000, 0x0000000711000000, 0x0000000711200000|  0%| F|  |TAMS 0x0000000711000000, 0x0000000711000000| Untracked 
| 119|0x0000000711200000, 0x0000000711200000, 0x0000000711400000|  0%| F|  |TAMS 0x0000000711200000, 0x0000000711200000| Untracked 
| 120|0x0000000711400000, 0x0000000711400000, 0x0000000711600000|  0%| F|  |TAMS 0x0000000711400000, 0x0000000711400000| Untracked 
| 121|0x0000000711600000, 0x00000007117b40f8, 0x0000000711800000| 85%| E|  |TAMS 0x0000000711600000, 0x0000000711600000| Complete 
| 122|0x0000000711800000, 0x0000000711a00000, 0x0000000711a00000|100%| E|CS|TAMS 0x0000000711800000, 0x0000000711800000| Complete 
| 123|0x0000000711a00000, 0x0000000711c00000, 0x0000000711c00000|100%| E|CS|TAMS 0x0000000711a00000, 0x0000000711a00000| Complete 
| 124|0x0000000711c00000, 0x0000000711e00000, 0x0000000711e00000|100%| E|CS|TAMS 0x0000000711c00000, 0x0000000711c00000| Complete 
| 125|0x0000000711e00000, 0x0000000712000000, 0x0000000712000000|100%| E|CS|TAMS 0x0000000711e00000, 0x0000000711e00000| Complete 
| 126|0x0000000712000000, 0x0000000712200000, 0x0000000712200000|100%| E|CS|TAMS 0x0000000712000000, 0x0000000712000000| Complete 

Card table byte_map: [0x000002019fab0000,0x00000201a02a0000] _byte_map_base: 0x000002019c29e000

Marking Bits (Prev, Next): (CMBitMap*) 0x000002018a4ce040, (CMBitMap*) 0x000002018a4ce080
 Prev Bits: [0x00000201a0a90000, 0x00000201a4a00000)
 Next Bits: [0x00000201a4a00000, 0x00000201a8970000)

Polling page: 0x000002018a560000

Metaspace:

Usage:
  Non-class:      4.59 MB used.
      Class:    408.48 KB used.
       Both:      4.99 MB used.

Virtual space:
  Non-class space:        8.00 MB reserved,       4.62 MB ( 58%) committed,  1 nodes.
      Class space:        1.00 GB reserved,     512.00 KB ( <1%) committed,  1 nodes.
             Both:        1.01 GB reserved,       5.12 MB ( <1%) committed. 

Chunk freelists:
   Non-Class:  2.62 MB
       Class:  3.55 MB
        Both:  6.17 MB

MaxMetaspaceSize: unlimited
CompressedClassSpaceSize: 1.00 GB
Initial GC threshold: 21.00 MB
Current GC threshold: 21.00 MB
CDS: off
MetaspaceReclaimPolicy: balanced
 - commit_granule_bytes: 65536.
 - commit_granule_words: 8192.
 - virtual_space_node_default_size: 1048576.
 - enlarge_chunks_in_place: 1.
 - new_chunks_are_fully_committed: 0.
 - uncommit_free_chunks: 1.
 - use_allocation_guard: 0.
 - handle_deallocations: 1.


Internal statistics:

num_allocs_failed_limit: 0.
num_arena_births: 4.
num_arena_deaths: 0.
num_vsnodes_births: 2.
num_vsnodes_deaths: 0.
num_space_committed: 82.
num_space_uncommitted: 0.
num_chunks_returned_to_freelist: 0.
num_chunks_taken_from_freelist: 26.
num_chunk_merges: 0.
num_chunk_splits: 15.
num_chunks_enlarged: 13.
num_purges: 0.
num_inconsistent_stats: 0.

CodeHeap 'non-profiled nmethods': size=119168Kb used=44Kb max_used=44Kb free=119123Kb
 bounds [0x0000020196ea0000, 0x0000020197110000, 0x000002019e300000]
CodeHeap 'profiled nmethods': size=119104Kb used=187Kb max_used=187Kb free=118916Kb
 bounds [0x000002018fa50000, 0x000002018fcc0000, 0x0000020196ea0000]
CodeHeap 'non-nmethods': size=7488Kb used=2300Kb max_used=2315Kb free=5187Kb
 bounds [0x000002018f300000, 0x000002018f570000, 0x000002018fa50000]
 total_blobs=591 nmethods=118 adapters=384
 compilation: enabled
              stopped_count=0, restarted_count=0
 full_count=0

Compilation events (20 events):
Event: 0.176 Thread 0x00000201ac4b3a00   95       4       java.lang.Object::<init> (1 bytes)
Event: 0.176 Thread 0x00000201ac60a0b0   96       3       jdk.internal.math.FDBigInteger::mult (64 bytes)
Event: 0.176 Thread 0x00000201ac609ba0   97       3       jdk.internal.math.FDBigInteger::<init> (30 bytes)
Event: 0.176 Thread 0x00000201ac4b4c10   98       3       jdk.internal.math.FDBigInteger::trimLeadingZeros (57 bytes)
Event: 0.176 Thread 0x00000201ac4b3a00 nmethod 95 0x0000020196ea6310 code [0x0000020196ea6480, 0x0000020196ea6538]
Event: 0.176 Thread 0x00000201ac609ba0 nmethod 97 0x000002018fa72110 code [0x000002018fa722c0, 0x000002018fa724c8]
Event: 0.176 Thread 0x00000201ac4b4c10 nmethod 98 0x000002018fa72610 code [0x000002018fa727c0, 0x000002018fa72a98]
Event: 0.176 Thread 0x00000201ac60a0b0 nmethod 96 0x000002018fa72b90 code [0x000002018fa72d40, 0x000002018fa72fb8]
Event: 0.176 Thread 0x00000201ac609ba0   99       3       jdk.internal.math.FDBigInteger::makeImmutable (6 bytes)
Event: 0.176 Thread 0x00000201ac4b4c10  100       3       jdk.internal.math.FDBigInteger::mult (44 bytes)
Event: 0.176 Thread 0x00000201ac609ba0 nmethod 99 0x000002018fa73190 code [0x000002018fa73320, 0x000002018fa73438]
Event: 0.176 Thread 0x00000201ac4b4c10 nmethod 100 0x000002018fa73510 code [0x000002018fa736e0, 0x000002018fa73b18]
Event: 0.178 Thread 0x00000201ac4b4c10  101 %     3       FSModel.FSModelConverter::GetMatrixFromValue @ 19 (47 bytes)
Event: 0.178 Thread 0x00000201ac4b4c10 nmethod 101% 0x000002018fa73c90 code [0x000002018fa73e40, 0x000002018fa741d8]
Event: 0.178 Thread 0x00000201ac4b4c10  102       3       FSModel.FSModelConverter::GetMatrixFromValue (47 bytes)
Event: 0.178 Thread 0x00000201ac4b4c10 nmethod 102 0x000002018fa74390 code [0x000002018fa74540, 0x000002018fa74858]
Event: 0.178 Thread 0x00000201ac4b3a00  103 %     4       FSModel.FSModelConverter::GetMatrixFromValue @ 19 (47 bytes)
Event: 0.183 Thread 0x00000201ac4b3a00 nmethod 103% 0x0000020196ea6610 code [0x0000020196ea67a0, 0x0000020196ea6ad8]
Event: 0.192 Thread 0x00000201ac4b3a00  104       4       FSModel.FSModelConverter::GetMatrixFromValue (47 bytes)
Event: 0.200 Thread 0x00000201ac4b3a00 nmethod 104 0x0000020196ea6d10 code [0x0000020196ea6ea0, 0x0000020196ea7138]

GC Heap History (2 events):
Event: 0.193 GC heap before
{Heap before GC invocations=0 (full 0):
 garbage-first heap   total 260096K, used 38912K [0x0000000702400000, 0x0000000800000000)
  region size 2048K, 11 young (22528K), 0 survivors (0K)
 Metaspace       used 5102K, committed 5248K, reserved 1056768K
  class space    used 408K, committed 512K, reserved 1048576K
}
Event: 0.200 GC heap after
{Heap after GC invocations=1 (full 0):
 garbage-first heap   total 260096K, used 20360K [0x0000000702400000, 0x0000000800000000)
  region size 2048K, 2 young (4096K), 2 survivors (4096K)
 Metaspace       used 5102K, committed 5248K, reserved 1056768K
  class space    used 408K, committed 512K, reserved 1048576K
}

Deoptimization events (10 events):
Event: 0.162 Thread 0x000002018a47c990 Uncommon trap: trap_request=0xffffff45 fr.pc=0x0000020196ea3f70 relative=0x0000000000000350
Event: 0.162 Thread 0x000002018a47c990 Uncommon trap: reason=unstable_if action=reinterpret pc=0x0000020196ea3f70 method=FSModel.FSModelConverter.GetRasterValuesFromFilePath(Ljava/lang/String;)[[F @ 170 c2
Event: 0.162 Thread 0x000002018a47c990 DEOPT PACKING pc=0x0000020196ea3f70 sp=0x00000069b20ff230
Event: 0.162 Thread 0x000002018a47c990 DEOPT UNPACKING pc=0x000002018f3523a3 sp=0x00000069b20ff1c8 mode 2
Event: 0.192 Thread 0x000002018a47c990 DEOPT PACKING pc=0x000002018fa747aa sp=0x00000069b20ff240
Event: 0.192 Thread 0x000002018a47c990 DEOPT UNPACKING pc=0x000002018f352b43 sp=0x00000069b20fe6d0 mode 0
Event: 0.192 Thread 0x000002018a47c990 Uncommon trap: trap_request=0xffffff45 fr.pc=0x0000020196ea6a08 relative=0x0000000000000268
Event: 0.192 Thread 0x000002018a47c990 Uncommon trap: reason=unstable_if action=reinterpret pc=0x0000020196ea6a08 method=FSModel.FSModelConverter.GetMatrixFromValue(FII)[[F @ 42 c2
Event: 0.192 Thread 0x000002018a47c990 DEOPT PACKING pc=0x0000020196ea6a08 sp=0x00000069b20ff220
Event: 0.192 Thread 0x000002018a47c990 DEOPT UNPACKING pc=0x000002018f3523a3 sp=0x00000069b20ff1e0 mode 2

Classes unloaded (0 events):
No events

Classes redefined (0 events):
No events

Internal exceptions (0 events):
No events

VM Operations (6 events):
Event: 0.098 Executing VM operation: HandshakeAllThreads
Event: 0.098 Executing VM operation: HandshakeAllThreads done
Event: 0.130 Executing VM operation: HandshakeAllThreads
Event: 0.130 Executing VM operation: HandshakeAllThreads done
Event: 0.192 Executing VM operation: G1CollectForAllocation
Event: 0.200 Executing VM operation: G1CollectForAllocation done

Events (20 events):
Event: 0.130 loading class java/lang/UnsupportedOperationException
Event: 0.130 loading class java/lang/UnsupportedOperationException done
Event: 0.174 loading class jdk/internal/math/FloatingDecimal
Event: 0.175 loading class jdk/internal/math/FloatingDecimal done
Event: 0.175 loading class jdk/internal/math/FloatingDecimal$ExceptionalBinaryToASCIIBuffer
Event: 0.175 loading class jdk/internal/math/FloatingDecimal$BinaryToASCIIConverter
Event: 0.175 loading class jdk/internal/math/FloatingDecimal$BinaryToASCIIConverter done
Event: 0.175 loading class jdk/internal/math/FloatingDecimal$ExceptionalBinaryToASCIIBuffer done
Event: 0.175 loading class jdk/internal/math/FloatingDecimal$BinaryToASCIIBuffer
Event: 0.175 loading class jdk/internal/math/FloatingDecimal$BinaryToASCIIBuffer done
Event: 0.175 loading class jdk/internal/math/FloatingDecimal$1
Event: 0.175 loading class jdk/internal/math/FloatingDecimal$1 done
Event: 0.175 loading class jdk/internal/math/FloatingDecimal$PreparedASCIIToBinaryBuffer
Event: 0.175 loading class jdk/internal/math/FloatingDecimal$ASCIIToBinaryConverter
Event: 0.175 loading class jdk/internal/math/FloatingDecimal$ASCIIToBinaryConverter done
Event: 0.175 loading class jdk/internal/math/FloatingDecimal$PreparedASCIIToBinaryBuffer done
Event: 0.175 loading class jdk/internal/math/FDBigInteger
Event: 0.175 loading class jdk/internal/math/FDBigInteger done
Event: 0.176 loading class jdk/internal/math/FloatingDecimal$ASCIIToBinaryBuffer
Event: 0.176 loading class jdk/internal/math/FloatingDecimal$ASCIIToBinaryBuffer done


Dynamic libraries:
0x00007ff6f48c0000 - 0x00007ff6f48ce000 	C:\Users\zhaoz\.p2\pool\plugins\org.eclipse.justj.openjdk.hotspot.jre.full.win32.x86_64_17.0.1.v20211116-1657\jre\bin\javaw.exe
0x00007ffa077b0000 - 0x00007ffa079a5000 	C:\Windows\SYSTEM32\ntdll.dll
0x00007ffa06f50000 - 0x00007ffa0700e000 	C:\Windows\System32\KERNEL32.DLL
0x00007ffa05430000 - 0x00007ffa056f8000 	C:\Windows\System32\KERNELBASE.dll
0x00007ffa05180000 - 0x00007ffa05280000 	C:\Windows\System32\ucrtbase.dll
0x00007ff9ee530000 - 0x00007ff9ee549000 	C:\Users\zhaoz\.p2\pool\plugins\org.eclipse.justj.openjdk.hotspot.jre.full.win32.x86_64_17.0.1.v20211116-1657\jre\bin\VCRUNTIME140.dll
0x00007ff9f05c0000 - 0x00007ff9f05d8000 	C:\Users\zhaoz\.p2\pool\plugins\org.eclipse.justj.openjdk.hotspot.jre.full.win32.x86_64_17.0.1.v20211116-1657\jre\bin\jli.dll
0x00007ffa06b10000 - 0x00007ffa06cb1000 	C:\Windows\System32\USER32.dll
0x00007ffa05700000 - 0x00007ffa05722000 	C:\Windows\System32\win32u.dll
0x00007ff9f8a00000 - 0x00007ff9f8c9a000 	C:\Windows\WinSxS\amd64_microsoft.windows.common-controls_6595b64144ccf1df_6.0.19041.1110_none_60b5254171f9507e\COMCTL32.dll
0x00007ffa07010000 - 0x00007ffa0703b000 	C:\Windows\System32\GDI32.dll
0x00007ffa074c0000 - 0x00007ffa0755e000 	C:\Windows\System32\msvcrt.dll
0x00007ffa04f30000 - 0x00007ffa0503b000 	C:\Windows\System32\gdi32full.dll
0x00007ffa05760000 - 0x00007ffa057fd000 	C:\Windows\System32\msvcp_win.dll
0x00007ffa06e60000 - 0x00007ffa06e90000 	C:\Windows\System32\IMM32.DLL
0x00007ff9fe510000 - 0x00007ff9fe51c000 	C:\Users\zhaoz\.p2\pool\plugins\org.eclipse.justj.openjdk.hotspot.jre.full.win32.x86_64_17.0.1.v20211116-1657\jre\bin\vcruntime140_1.dll
0x00007ff9dd340000 - 0x00007ff9dd3d1000 	C:\Users\zhaoz\.p2\pool\plugins\org.eclipse.justj.openjdk.hotspot.jre.full.win32.x86_64_17.0.1.v20211116-1657\jre\bin\msvcp140.dll
0x00007ff9af250000 - 0x00007ff9afe96000 	C:\Users\zhaoz\.p2\pool\plugins\org.eclipse.justj.openjdk.hotspot.jre.full.win32.x86_64_17.0.1.v20211116-1657\jre\bin\server\jvm.dll
0x00007ffa06230000 - 0x00007ffa062dc000 	C:\Windows\System32\ADVAPI32.dll
0x00007ffa06130000 - 0x00007ffa061cb000 	C:\Windows\System32\sechost.dll
0x00007ffa05800000 - 0x00007ffa0592a000 	C:\Windows\System32\RPCRT4.dll
0x00007ffa06120000 - 0x00007ffa06128000 	C:\Windows\System32\PSAPI.DLL
0x00007ff9ff240000 - 0x00007ff9ff249000 	C:\Windows\SYSTEM32\WSOCK32.dll
0x00007ff9fcec0000 - 0x00007ff9fceca000 	C:\Windows\SYSTEM32\VERSION.dll
0x00007ff9fbac0000 - 0x00007ff9fbae7000 	C:\Windows\SYSTEM32\WINMM.dll
0x00007ffa07560000 - 0x00007ffa075cb000 	C:\Windows\System32\WS2_32.dll
0x00007ffa03750000 - 0x00007ffa03762000 	C:\Windows\SYSTEM32\kernel.appcore.dll
0x00007ff9fea70000 - 0x00007ff9fea7a000 	C:\Users\zhaoz\.p2\pool\plugins\org.eclipse.justj.openjdk.hotspot.jre.full.win32.x86_64_17.0.1.v20211116-1657\jre\bin\jimage.dll
0x00007ffa02da0000 - 0x00007ffa02f84000 	C:\Windows\SYSTEM32\DBGHELP.DLL
0x00007ff9fb150000 - 0x00007ff9fb17c000 	C:\Windows\SYSTEM32\dbgcore.DLL
0x00007ffa050f0000 - 0x00007ffa05173000 	C:\Windows\System32\bcryptPrimitives.dll
0x00007ff9fdaa0000 - 0x00007ff9fdac5000 	C:\Users\zhaoz\.p2\pool\plugins\org.eclipse.justj.openjdk.hotspot.jre.full.win32.x86_64_17.0.1.v20211116-1657\jre\bin\java.dll
0x00007ff9fd9f0000 - 0x00007ff9fda08000 	C:\Users\zhaoz\.p2\pool\plugins\org.eclipse.justj.openjdk.hotspot.jre.full.win32.x86_64_17.0.1.v20211116-1657\jre\bin\zip.dll
0x00007ffa06300000 - 0x00007ffa06a3f000 	C:\Windows\System32\SHELL32.dll
0x00007ffa02f90000 - 0x00007ffa03720000 	C:\Windows\SYSTEM32\windows.storage.dll
0x00007ffa05c10000 - 0x00007ffa05f65000 	C:\Windows\System32\combase.dll
0x00007ffa04920000 - 0x00007ffa0494e000 	C:\Windows\SYSTEM32\Wldp.dll
0x00007ffa075d0000 - 0x00007ffa0767d000 	C:\Windows\System32\SHCORE.dll
0x00007ffa07680000 - 0x00007ffa076d5000 	C:\Windows\System32\shlwapi.dll
0x00007ffa04e10000 - 0x00007ffa04e2f000 	C:\Windows\SYSTEM32\profapi.dll
0x00007ff9fd9d0000 - 0x00007ff9fd9e9000 	C:\Users\zhaoz\.p2\pool\plugins\org.eclipse.justj.openjdk.hotspot.jre.full.win32.x86_64_17.0.1.v20211116-1657\jre\bin\net.dll
0x00007ff9fbc10000 - 0x00007ff9fbd1c000 	C:\Windows\SYSTEM32\WINHTTP.dll
0x00007ffa04680000 - 0x00007ffa046ea000 	C:\Windows\system32\mswsock.dll
0x00007ff9f8e20000 - 0x00007ff9f8e35000 	C:\Users\zhaoz\.p2\pool\plugins\org.eclipse.justj.openjdk.hotspot.jre.full.win32.x86_64_17.0.1.v20211116-1657\jre\bin\nio.dll
0x00007ff9d4730000 - 0x00007ff9d47d4000 	D:\zhaozheng\Public\SinMap\FSModel\libs\gdalalljni.dll
0x00007ff9a0f20000 - 0x00007ff9a252c000 	D:\zhaozheng\Public\SinMap\FSModel\libs\gdal3.2.0_bin\gdal302.dll
0x00007ffa05a50000 - 0x00007ffa05b7a000 	C:\Windows\System32\ole32.dll
0x00007ffa06a40000 - 0x00007ffa06b0d000 	C:\Windows\System32\OLEAUT32.dll
0x00007ff9c40f0000 - 0x00007ff9c43d6000 	D:\zhaozheng\Public\SinMap\FSModel\libs\gdal3.2.0_bin\xerces-c_3_2.dll
0x00007ff9e9f00000 - 0x00007ff9e9f32000 	C:\Program Files\Graphviz\bin\expat.dll
0x0000000180000000 - 0x000000018004d000 	D:\zhaozheng\Public\SinMap\FSModel\libs\gdal3.2.0_bin\LIBPQ.dll
0x00007ffa06e00000 - 0x00007ffa06e56000 	C:\Windows\System32\WLDAP32.dll
0x00007ff9c2b10000 - 0x00007ff9c2d48000 	D:\zhaozheng\Public\SinMap\FSModel\libs\gdal3.2.0_bin\proj_6_1.dll
0x00007ff9c4000000 - 0x00007ff9c40ef000 	D:\zhaozheng\Public\SinMap\FSModel\libs\gdal3.2.0_bin\sqlite3.dll
0x00007ff9ae270000 - 0x00007ff9aed8b000 	D:\zhaozheng\Public\SinMap\FSModel\libs\gdal3.2.0_bin\spatialite.dll
0x00007ff9bf010000 - 0x00007ff9bf472000 	D:\zhaozheng\Public\SinMap\FSModel\libs\gdal3.2.0_bin\libmysql.dll
0x00007ff9e9e60000 - 0x00007ff9e9ead000 	D:\zhaozheng\Public\SinMap\FSModel\libs\gdal3.2.0_bin\geos_c.dll
0x00007ff9dd2d0000 - 0x00007ff9dd33c000 	D:\zhaozheng\Public\SinMap\FSModel\libs\gdal3.2.0_bin\libcurl.dll
0x00007ff9fcd80000 - 0x00007ff9fce38000 	C:\Windows\SYSTEM32\ODBC32.dll
0x00007ffa05280000 - 0x00007ffa053d6000 	C:\Windows\System32\CRYPT32.dll
0x00007ff9e78e0000 - 0x00007ff9e792c000 	D:\zhaozheng\Public\SinMap\FSModel\libs\gdal3.2.0_bin\openjp2.dll
0x00007ff9c2a60000 - 0x00007ff9c2b06000 	D:\zhaozheng\Public\SinMap\FSModel\libs\gdal3.2.0_bin\libssl-1_1-x64.dll
0x00007ff9adae0000 - 0x00007ff9add85000 	D:\zhaozheng\Public\SinMap\FSModel\libs\gdal3.2.0_bin\libcrypto-1_1-x64.dll
0x00007ffa05730000 - 0x00007ffa05757000 	C:\Windows\System32\bcrypt.dll
0x00007ff9ed130000 - 0x00007ff9ed13c000 	C:\Windows\SYSTEM32\Secur32.dll
0x00007ff9d5b80000 - 0x00007ff9d5be0000 	D:\zhaozheng\Public\SinMap\FSModel\libs\gdal3.2.0_bin\proj.dll
0x00007ff9eb4a0000 - 0x00007ff9eb4b8000 	D:\zhaozheng\Public\SinMap\FSModel\libs\gdal3.2.0_bin\freexl.dll
0x00007ff9c23e0000 - 0x00007ff9c24c5000 	D:\zhaozheng\Public\SinMap\FSModel\libs\gdal3.2.0_bin\iconv.dll
0x00007ff9beec0000 - 0x00007ff9bf00c000 	D:\zhaozheng\Public\SinMap\FSModel\libs\gdal3.2.0_bin\libxml2.dll
0x00007ff9be040000 - 0x00007ff9be194000 	D:\zhaozheng\Public\SinMap\FSModel\libs\gdal3.2.0_bin\geos.dll
0x00007ff9e9e40000 - 0x00007ff9e9e57000 	D:\zhaozheng\Public\SinMap\FSModel\libs\gdal3.2.0_bin\zlib1.dll
0x00007ffa04890000 - 0x00007ffa0489c000 	C:\Windows\SYSTEM32\CRYPTBASE.DLL
0x00007ffa04cd0000 - 0x00007ffa04cda000 	C:\Windows\SYSTEM32\DPAPI.DLL
0x00007ffa04dc0000 - 0x00007ffa04df1000 	C:\Windows\SYSTEM32\SSPICLI.DLL

dbghelp: loaded successfully - version: 4.0.5 - missing functions: none
symbol engine: initialized successfully - sym options: 0x614 - pdb path: .;C:\Users\zhaoz\.p2\pool\plugins\org.eclipse.justj.openjdk.hotspot.jre.full.win32.x86_64_17.0.1.v20211116-1657\jre\bin;C:\Windows\SYSTEM32;C:\Windows\WinSxS\amd64_microsoft.windows.common-controls_6595b64144ccf1df_6.0.19041.1110_none_60b5254171f9507e;C:\Users\zhaoz\.p2\pool\plugins\org.eclipse.justj.openjdk.hotspot.jre.full.win32.x86_64_17.0.1.v20211116-1657\jre\bin\server;D:\zhaozheng\Public\SinMap\FSModel\libs;D:\zhaozheng\Public\SinMap\FSModel\libs\gdal3.2.0_bin;C:\Program Files\Graphviz\bin

VM Arguments:
jvm_args: -Djava.library.path=D:\zhaozheng\Public\SinMap\FSModel\libs -Dfile.encoding=GBK -XX:+ShowCodeDetailsInExceptionMessages 
java_command: FSModelTest.FSModelTest
java_class_path (initial): D:\zhaozheng\Public\SinMap\FSModel\bin;D:\zhaozheng\Public\SinMap\FSModel\libs\gdal.jar
Launcher Type: SUN_STANDARD

[Global flags]
     intx CICompilerCount                          = 12                                        {product} {ergonomic}
     uint ConcGCThreads                            = 3                                         {product} {ergonomic}
     uint G1ConcRefinementThreads                  = 13                                        {product} {ergonomic}
   size_t G1HeapRegionSize                         = 2097152                                   {product} {ergonomic}
    uintx GCDrainStackTargetSize                   = 64                                        {product} {ergonomic}
   size_t InitialHeapSize                          = 266338304                                 {product} {ergonomic}
   size_t MarkStackSize                            = 4194304                                   {product} {ergonomic}
   size_t MaxHeapSize                              = 4257218560                                {product} {ergonomic}
   size_t MaxNewSize                               = 2554331136                                {product} {ergonomic}
   size_t MinHeapDeltaBytes                        = 2097152                                   {product} {ergonomic}
   size_t MinHeapSize                              = 8388608                                   {product} {ergonomic}
    uintx NonNMethodCodeHeapSize                   = 7602480                                {pd product} {ergonomic}
    uintx NonProfiledCodeHeapSize                  = 122027880                              {pd product} {ergonomic}
    uintx ProfiledCodeHeapSize                     = 122027880                              {pd product} {ergonomic}
    uintx ReservedCodeCacheSize                    = 251658240                              {pd product} {ergonomic}
     bool SegmentedCodeCache                       = true                                      {product} {ergonomic}
     bool ShowCodeDetailsInExceptionMessages       = true                                   {manageable} {command line}
   size_t SoftMaxHeapSize                          = 4257218560                             {manageable} {ergonomic}
     bool UseCompressedClassPointers               = true                           {product lp64_product} {ergonomic}
     bool UseCompressedOops                        = true                           {product lp64_product} {ergonomic}
     bool UseG1GC                                  = true                                      {product} {ergonomic}
     bool UseLargePagesIndividualAllocation        = false                                  {pd product} {ergonomic}

Logging:
Log output configuration:
 #0: stdout all=warning uptime,level,tags
 #1: stderr all=off uptime,level,tags

Environment Variables:
PATH=C:/Users/zhaoz/.p2/pool/plugins/org.eclipse.justj.openjdk.hotspot.jre.full.win32.x86_64_17.0.1.v20211116-1657/jre/bin/server;C:/Users/zhaoz/.p2/pool/plugins/org.eclipse.justj.openjdk.hotspot.jre.full.win32.x86_64_17.0.1.v20211116-1657/jre/bin;C:\Program Files\NVIDIA GPU Computing Toolkit\CUDA\v9.0\bin;C:\Program Files\NVIDIA GPU Computing Toolkit\CUDA\v9.0\libnvvp;C:\Windows\system32;C:\Windows;C:\Windows\System32\Wbem;C:\Windows\System32\WindowsPowerShell\v1.0\;C:\Windows\System32\OpenSSH\;C:\Program Files (x86)\NVIDIA Corporation\PhysX\Common;C:\Program Files\NVIDIA Corporation\NVIDIA NvDLISR;C:\Program Files\Polyspace\R2021a\runtime\win64;C:\Program Files\Polyspace\R2021a\bin;C:\Program Files\Polyspace\R2021a\polyspace\bin;C:\Users\zhaoz\AppData\Local\Programs\Python\Python36\Scripts\;C:\Users\zhaoz\AppData\Local\Programs\Python\Python36\;C:\Users\zhaoz\AppData\Local\Microsoft\WindowsApps;C:\Program Files\Graphviz\bin;D:\zhaozheng\Public\SinMap\FSModel\libs\gdal3.2.0_bin;;C:\Users\zhaoz\Desktop;
USERNAME=zhaoz
OS=Windows_NT
PROCESSOR_IDENTIFIER=AMD64 Family 25 Model 80 Stepping 0, AuthenticAMD



---------------  S Y S T E M  ---------------

OS:
 Windows 10 , 64 bit Build 19041 (10.0.19041.1348)
OS uptime: 4 days 21:17 hours

CPU: total 16 (initial active 16) (16 cores per cpu, 2 threads per core) family 25 model 80 stepping 0 microcode 0x0, cx8, cmov, fxsr, ht, mmx, 3dnowpref, sse, sse2, sse3, ssse3, sse4a, sse4.1, sse4.2, popcnt, lzcnt, tsc, tscinvbit, avx, avx2, aes, erms, clmul, bmi1, bmi2, adx, sha, fma, vzeroupper, clflush, clflushopt

Memory: 4k page, system-wide physical 16236M (7260M free)
TotalPageFile size 25829M (AvailPageFile size 12854M)
current process WorkingSet (physical memory assigned to process): 116M, peak: 116M
current process commit charge ("private bytes"): 367M, peak: 370M

vm_info: OpenJDK 64-Bit Server VM (17.0.1+12) for windows-amd64 JRE (17.0.1+12), built on Oct 20 2021 07:42:55 by "" with MS VC++ 16.7 (VS2019)

END.
