#
# A fatal error has been detected by the Java Runtime Environment:
#
#  EXCEPTION_ACCESS_VIOLATION (0xc0000005) at pc=0x00007ff9afb2b6b0, pid=39304, tid=13704
#
# JRE version: OpenJDK Runtime Environment Temurin-17.0.1+12 (17.0.1+12) (build 17.0.1+12)
# Java VM: OpenJDK 64-Bit Server VM Temurin-17.0.1+12 (17.0.1+12, mixed mode, tiered, compressed oops, compressed class ptrs, g1 gc, windows-amd64)
# Problematic frame:
# V  [jvm.dll+0x8db6b0]
#
# No core dump will be written. Minidumps are not enabled by default on client versions of Windows
#
# If you would like to submit a bug report, please visit:
#   https://github.com/adoptium/adoptium-support/issues
# The crash happened outside the Java Virtual Machine in native code.
# See problematic frame for where to report the bug.
#

---------------  S U M M A R Y ------------

Command Line: -Djava.library.path=D:\zhaozheng\Public\SinMap\FSModel\libs -Dfile.encoding=GBK -XX:+ShowCodeDetailsInExceptionMessages FSModelTest.FSModelTest

Host: AMD Ryzen 7 5800H with Radeon Graphics         , 16 cores, 15G,  Windows 10 , 64 bit Build 19041 (10.0.19041.1348)
Time: Sat Dec 11 17:21:08 2021  Windows 10 , 64 bit Build 19041 (10.0.19041.1348) elapsed time: 0.203289 seconds (0d 0h 0m 0s)

---------------  T H R E A D  ---------------

Current thread (0x000001c11ac0cba0):  JavaThread "Finalizer" daemon [_thread_in_native, id=13704, stack(0x00000091a8500000,0x00000091a8600000)]

Stack: [0x00000091a8500000,0x00000091a8600000],  sp=0x00000091a85feed8,  free space=1019k
Native frames: (J=compiled Java code, j=interpreted, Vv=VM code, C=native code)
V  [jvm.dll+0x8db6b0]

Java frames: (J=compiled Java code, j=interpreted, Vv=VM code)
j  org.gdal.gdal.gdalJNI.delete_Dataset(J)V+0
j  org.gdal.gdal.Dataset.delete()V+25
j  org.gdal.gdal.Dataset.finalize()V+1
j  java.lang.System$2.invokeFinalize(Ljava/lang/Object;)V+1 java.base@17.0.1
j  java.lang.ref.Finalizer.runFinalizer(Ljdk/internal/access/JavaLangAccess;)V+115 java.base@17.0.1
j  java.lang.ref.Finalizer$FinalizerThread.run()V+46 java.base@17.0.1
v  ~StubRoutines::call_stub

siginfo: EXCEPTION_ACCESS_VIOLATION (0xc0000005), data execution prevention violation at address 0x00007ff9afb2b6b0


Register to memory mapping:

RIP=0x00007ff9afb2b6b0 jvm.dll
RAX=0x000001c11b73f258 points into unknown readable memory: 0x00007ff9afb2b6b0 | b0 b6 b2 af f9 7f 00 00
RBX={method} {0x000001c11a81cfc8} 'delete_Dataset' '(J)V' in 'org/gdal/gdal/gdalJNI'
RCX=0x000001c11aefabe0 points into unknown readable memory: 0x000001c11b73f258 | 58 f2 73 1b c1 01 00 00
RDX=0x0000000000000001 is an unknown value
RSP=0x00000091a85feed8 is pointing into the stack for thread: 0x000001c11ac0cba0
RBP=0x00000091a85fef58 is pointing into the stack for thread: 0x000001c11ac0cba0
RSI=0x00000091a85ff640 is pointing into the stack for thread: 0x000001c11ac0cba0
RDI=0x000001c1000094fe is at code_begin+1118 in an Interpreter codelet
return entry points  [0x000001c1000090a0, 0x000001c100009ba0]  2816 bytes
R8 =0x000001c11aefabe0 points into unknown readable memory: 0x000001c11b73f258 | 58 f2 73 1b c1 01 00 00
R9 =0x00000007034c6898 is an oop: org.gdal.gdal.Dataset 
{0x00000007034c6898} - klass: 'org/gdal/gdal/Dataset'
 - ---- fields (total size 5 words):
 - protected 'swigCMemOwn' 'Z' @12  false
 - private 'swigCPtr' 'J' @16  1928892230624 (1aefabe0 1c1)
 - private 'parentReference' 'Ljava/lang/Object;' @24  NULL (0)
 - private 'swigCPtr' 'J' @32  1928892230624 (1aefabe0 1c1)
R10=0x000001c10000d5f2 is at code_begin+946 in an Interpreter codelet
method entry point (kind = native)  [0x000001c10000d240, 0x000001c10000dbc0]  2432 bytes
R11=0x0000000710a7de50 is an oop: java.lang.Class 
{0x0000000710a7de50} - klass: 'java/lang/Class'
 - ---- fields (total size 15 words):
 - private volatile transient 'classRedefinedCount' 'I' @12  0
 - private volatile transient 'cachedConstructor' 'Ljava/lang/reflect/Constructor;' @40  NULL (0)
 - private transient 'name' 'Ljava/lang/String;' @44  "org.gdal.gdal.gdalJNI"{0x0000000710a7ebf0} (e214fd7e)
 - private transient 'module' 'Ljava/lang/Module;' @48  a 'java/lang/Module'{0x0000000710a7dbd8} (e214fb7b)
 - private final 'classLoader' 'Ljava/lang/ClassLoader;' @52  a 'jdk/internal/loader/ClassLoaders$AppClassLoader'{0x0000000710a45568} (e2148aad)
 - private transient 'classData' 'Ljava/lang/Object;' @56  NULL (0)
 - private transient 'packageName' 'Ljava/lang/String;' @60  "org.gdal.gdal"{0x0000000710a7ec30} (e214fd86)
 - private final 'componentType' 'Ljava/lang/Class;' @64  NULL (0)
 - private volatile transient 'reflectionData' 'Ljava/lang/ref/SoftReference;' @68  NULL (0)
 - private volatile transient 'genericInfo' 'Lsun/reflect/generics/repository/ClassRepository;' @72  NULL (0)
 - private volatile transient 'enumConstants' '[Ljava/lang/Object;' @76  NULL (0)
 - private volatile transient 'enumConstantDirectory' 'Ljava/util/Map;' @80  NULL (0)
 - private volatile transient 'annotationData' 'Ljava/lang/Class$AnnotationData;' @84  NULL (0)
 - private volatile transient 'annotationType' 'Lsun/reflect/annotation/AnnotationType;' @88  NULL (0)
 - transient 'classValueMap' 'Ljava/lang/ClassValue$ClassValueMap;' @92  NULL (0)
 - signature: Lorg/gdal/gdal/gdalJNI;
 - fake entry for mirror: 'org/gdal/gdal/gdalJNI'
 - fake entry for array: NULL
 - fake entry for oop_size: 15
 - fake entry for static_oop_field_count: 0
 - private static 'available' 'Z' @112  true
R12=0x0 is NULL
R13={method} {0x000001c11a81cfc8} 'delete_Dataset' '(J)V' in 'org/gdal/gdal/gdalJNI'
R14=0x00000091a85fef80 is pointing into the stack for thread: 0x000001c11ac0cba0
R15=0x000001c11ac0cba0 is a thread


Registers:
RAX=0x000001c11b73f258, RBX=0x000001c11a81cfc0, RCX=0x000001c11aefabe0, RDX=0x0000000000000001
RSP=0x00000091a85feed8, RBP=0x00000091a85fef58, RSI=0x00000091a85ff640, RDI=0x000001c1000094fe
R8 =0x000001c11aefabe0, R9 =0x00000007034c6898, R10=0x000001c10000d5f2, R11=0x0000000710a7de50
R12=0x0000000000000000, R13=0x000001c11a81cfc0, R14=0x00000091a85fef80, R15=0x000001c11ac0cba0
RIP=0x00007ff9afb2b6b0, EFLAGS=0x0000000000010246

Top of Stack: (sp=0x00000091a85feed8)
0x00000091a85feed8:   000001c10000d621 000001c11ac0cba0
0x00000091a85feee8:   0000000000000001 000001c11ac0cba0
0x00000091a85feef8:   000001c1000094fe 00000091a85ff640
0x00000091a85fef08:   00007ff9af87ab29 00000091a85fef10
0x00000091a85fef18:   0000000000000000 00000091a85fef80
0x00000091a85fef28:   000001c11a830348 0000000000000000
0x00000091a85fef38:   0000000710a7de50 000001c11a81cfc0
0x00000091a85fef48:   0000000000000000 00000091a85fef78
0x00000091a85fef58:   00000091a85fefe0 000001c1000094fe
0x00000091a85fef68:   0000000710a7de50 000001c10000af78
0x00000091a85fef78:   000001c11aefabe0 0000000000000000
0x00000091a85fef88:   0000000000000001 00000007034c6898
0x00000091a85fef98:   00000091a85fef88 000001c11a841889
0x00000091a85fefa8:   00000091a85feff0 000001c11a849fc8
0x00000091a85fefb8:   000001c11a85a730 0000000710a7d9d0
0x00000091a85fefc8:   000001c11a8418b0 00000091a85fef78 

Instructions: (pc=0x00007ff9afb2b6b0)
0x00007ff9afb2b5b0:   e0 2d 8a af f9 7f 00 00 f0 cf 2a af f9 7f 00 00
0x00007ff9afb2b5c0:   70 30 7e af f9 7f 00 00 10 ed 25 af f9 7f 00 00
0x00007ff9afb2b5d0:   60 9e 25 af f9 7f 00 00 70 1d 27 af f9 7f 00 00
0x00007ff9afb2b5e0:   50 2b 7e af f9 7f 00 00 d0 d2 2a af f9 7f 00 00
0x00007ff9afb2b5f0:   20 ef 25 af f9 7f 00 00 40 e3 2a af f9 7f 00 00
0x00007ff9afb2b600:   80 9d 2e af f9 7f 00 00 30 e3 2a af f9 7f 00 00
0x00007ff9afb2b610:   20 ef 25 af f9 7f 00 00 00 26 7e af f9 7f 00 00
0x00007ff9afb2b620:   f0 36 7e af f9 7f 00 00 10 ed 25 af f9 7f 00 00
0x00007ff9afb2b630:   10 ed 25 af f9 7f 00 00 d0 d2 2a af f9 7f 00 00
0x00007ff9afb2b640:   60 9e 25 af f9 7f 00 00 50 2b 7e af f9 7f 00 00
0x00007ff9afb2b650:   00 ec 25 af f9 7f 00 00 90 28 26 af f9 7f 00 00
0x00007ff9afb2b660:   80 c2 25 af f9 7f 00 00 10 ed 25 af f9 7f 00 00
0x00007ff9afb2b670:   f0 eb 25 af f9 7f 00 00 e0 e0 2a af f9 7f 00 00
0x00007ff9afb2b680:   10 ed 25 af f9 7f 00 00 60 4a 2b af f9 7f 00 00
0x00007ff9afb2b690:   00 24 7e af f9 7f 00 00 60 34 7e af f9 7f 00 00
0x00007ff9afb2b6a0:   d0 d2 2a af f9 7f 00 00 20 f2 c5 af f9 7f 00 00
0x00007ff9afb2b6b0:   40 a3 44 af f9 7f 00 00 a0 05 2b af f9 7f 00 00
0x00007ff9afb2b6c0:   d0 d2 2a af f9 7f 00 00 10 26 26 af f9 7f 00 00
0x00007ff9afb2b6d0:   10 ed 25 af f9 7f 00 00 a0 ee 25 af f9 7f 00 00
0x00007ff9afb2b6e0:   20 24 7e af f9 7f 00 00 f0 eb 25 af f9 7f 00 00
0x00007ff9afb2b6f0:   20 77 4f af f9 7f 00 00 10 ed 25 af f9 7f 00 00
0x00007ff9afb2b700:   10 e7 2e af f9 7f 00 00 20 2e 7e af f9 7f 00 00
0x00007ff9afb2b710:   e0 27 7e af f9 7f 00 00 e0 b3 2a af f9 7f 00 00
0x00007ff9afb2b720:   e0 2d 8a af f9 7f 00 00 f0 cf 2a af f9 7f 00 00
0x00007ff9afb2b730:   70 30 7e af f9 7f 00 00 10 ed 25 af f9 7f 00 00
0x00007ff9afb2b740:   60 9e 25 af f9 7f 00 00 70 1d 27 af f9 7f 00 00
0x00007ff9afb2b750:   50 2b 7e af f9 7f 00 00 d0 d2 2a af f9 7f 00 00
0x00007ff9afb2b760:   20 ef 25 af f9 7f 00 00 40 e3 2a af f9 7f 00 00
0x00007ff9afb2b770:   b0 aa 2e af f9 7f 00 00 30 e3 2a af f9 7f 00 00
0x00007ff9afb2b780:   20 ef 25 af f9 7f 00 00 00 26 7e af f9 7f 00 00
0x00007ff9afb2b790:   f0 36 7e af f9 7f 00 00 10 ed 25 af f9 7f 00 00
0x00007ff9afb2b7a0:   10 ed 25 af f9 7f 00 00 d0 d2 2a af f9 7f 00 00 


Stack slot to memory mapping:
stack at sp + 0 slots: 0x000001c10000d621 is at code_begin+993 in an Interpreter codelet
method entry point (kind = native)  [0x000001c10000d240, 0x000001c10000dbc0]  2432 bytes
stack at sp + 1 slots: 0x000001c11ac0cba0 is a thread
stack at sp + 2 slots: 0x0000000000000001 is an unknown value
stack at sp + 3 slots: 0x000001c11ac0cba0 is a thread
stack at sp + 4 slots: 0x000001c1000094fe is at code_begin+1118 in an Interpreter codelet
return entry points  [0x000001c1000090a0, 0x000001c100009ba0]  2816 bytes
stack at sp + 5 slots: 0x00000091a85ff640 is pointing into the stack for thread: 0x000001c11ac0cba0
stack at sp + 6 slots: 0x00007ff9af87ab29 jvm.dll
stack at sp + 7 slots: 0x00000091a85fef10 is pointing into the stack for thread: 0x000001c11ac0cba0


---------------  P R O C E S S  ---------------

Threads class SMR info:
_java_thread_list=0x000001c11adc6ff0, length=14, elements={
0x000001c17aa3b310, 0x000001c11ac0b590, 0x000001c11ac0cba0, 0x000001c11ac2ba20,
0x000001c11ac2e300, 0x000001c11ac92070, 0x000001c11ac931c0, 0x000001c11ac982e0,
0x000001c11ac99470, 0x000001c11acad1d0, 0x000001c11adf3040, 0x000001c11adf3550,
0x000001c11ae04b40, 0x000001c11ae2b8d0
}

Java Threads: ( => current thread )
  0x000001c17aa3b310 JavaThread "main" [_thread_in_Java, id=17960, stack(0x00000091a7d00000,0x00000091a7e00000)]
  0x000001c11ac0b590 JavaThread "Reference Handler" daemon [_thread_blocked, id=9716, stack(0x00000091a8400000,0x00000091a8500000)]
=>0x000001c11ac0cba0 JavaThread "Finalizer" daemon [_thread_in_native, id=13704, stack(0x00000091a8500000,0x00000091a8600000)]
  0x000001c11ac2ba20 JavaThread "Signal Dispatcher" daemon [_thread_blocked, id=13756, stack(0x00000091a8600000,0x00000091a8700000)]
  0x000001c11ac2e300 JavaThread "Attach Listener" daemon [_thread_blocked, id=6196, stack(0x00000091a8700000,0x00000091a8800000)]
  0x000001c11ac92070 JavaThread "Service Thread" daemon [_thread_blocked, id=7292, stack(0x00000091a8800000,0x00000091a8900000)]
  0x000001c11ac931c0 JavaThread "Monitor Deflation Thread" daemon [_thread_blocked, id=17116, stack(0x00000091a8900000,0x00000091a8a00000)]
  0x000001c11ac982e0 JavaThread "C2 CompilerThread0" daemon [_thread_in_native, id=38516, stack(0x00000091a8a00000,0x00000091a8b00000)]
  0x000001c11ac99470 JavaThread "C1 CompilerThread0" daemon [_thread_blocked, id=38800, stack(0x00000091a8b00000,0x00000091a8c00000)]
  0x000001c11acad1d0 JavaThread "Sweeper thread" daemon [_thread_blocked, id=36580, stack(0x00000091a8c00000,0x00000091a8d00000)]
  0x000001c11adf3040 JavaThread "C1 CompilerThread1" daemon [_thread_blocked, id=37440, stack(0x00000091a8d00000,0x00000091a8e00000)]
  0x000001c11adf3550 JavaThread "C1 CompilerThread2" daemon [_thread_blocked, id=35912, stack(0x00000091a8e00000,0x00000091a8f00000)]
  0x000001c11ae04b40 JavaThread "Notification Thread" daemon [_thread_blocked, id=36224, stack(0x00000091a8f00000,0x00000091a9000000)]
  0x000001c11ae2b8d0 JavaThread "Common-Cleaner" daemon [_thread_blocked, id=39604, stack(0x00000091a9100000,0x00000091a9200000)]

Other Threads:
  0x000001c11ac05140 VMThread "VM Thread" [stack: 0x00000091a8300000,0x00000091a8400000] [id=14292]
  0x000001c11ae25430 WatcherThread [stack: 0x00000091a9000000,0x00000091a9100000] [id=29108]
  0x000001c17aa8c490 GCTaskThread "GC Thread#0" [stack: 0x00000091a7e00000,0x00000091a7f00000] [id=24420]
  0x000001c11aef38e0 GCTaskThread "GC Thread#1" [stack: 0x00000091a9200000,0x00000091a9300000] [id=37012]
  0x000001c11aef2e20 GCTaskThread "GC Thread#2" [stack: 0x00000091a9300000,0x00000091a9400000] [id=37092]
  0x000001c11aef1e00 GCTaskThread "GC Thread#3" [stack: 0x00000091a9400000,0x00000091a9500000] [id=20912]
  0x000001c11aef2360 GCTaskThread "GC Thread#4" [stack: 0x00000091a9500000,0x00000091a9600000] [id=38604]
  0x000001c11aef20b0 GCTaskThread "GC Thread#5" [stack: 0x00000091a9600000,0x00000091a9700000] [id=37336]
  0x000001c17aa9e940 ConcurrentGCThread "G1 Main Marker" [stack: 0x00000091a7f00000,0x00000091a8000000] [id=38068]
  0x000001c17aa9f350 ConcurrentGCThread "G1 Conc#0" [stack: 0x00000091a8000000,0x00000091a8100000] [id=33932]
  0x000001c17ab0a290 ConcurrentGCThread "G1 Refine#0" [stack: 0x00000091a8100000,0x00000091a8200000] [id=29272]
  0x000001c17ab0acb0 ConcurrentGCThread "G1 Service" [stack: 0x00000091a8200000,0x00000091a8300000] [id=39928]

Threads with active compile tasks:
C2 CompilerThread0      238  118 %     4       FSModel.FSModelCore::calculateSaturationFactor @ 22 (298 bytes)

VM state: not at safepoint (normal execution)

VM Mutex/Monitor currently owned by a thread: None

Heap address: 0x0000000702400000, size: 4060 MB, Compressed Oops mode: Zero based, Oop shift amount: 3

CDS archive(s) not mapped
Compressed class space mapped at: 0x0000000800000000-0x0000000840000000, reserved size: 1073741824
Narrow klass base: 0x0000000800000000, Narrow klass shift: 0, Narrow klass range: 0x40000000

GC Precious Log:
 CPUs: 16 total, 16 available
 Memory: 16236M
 Large Page Support: Disabled
 NUMA Support: Disabled
 Compressed Oops: Enabled (Zero based)
 Heap Region Size: 2M
 Heap Min Capacity: 8M
 Heap Initial Capacity: 254M
 Heap Max Capacity: 4060M
 Pre-touch: Disabled
 Parallel Workers: 13
 Concurrent Workers: 3
 Concurrent Refinement Workers: 13
 Periodic GC: Disabled

Heap:
 garbage-first heap   total 260096K, used 34696K [0x0000000702400000, 0x0000000800000000)
  region size 2048K, 8 young (16384K), 2 survivors (4096K)
 Metaspace       used 5113K, committed 5248K, reserved 1056768K
  class space    used 408K, committed 512K, reserved 1048576K

Heap Regions: E=young(eden), S=young(survivor), O=old, HS=humongous(starts), HC=humongous(continues), CS=collection set, F=free, OA=open archive, CA=closed archive, TAMS=top-at-mark-start (previous, next)
|   0|0x0000000702400000, 0x0000000702600000, 0x0000000702600000|100%|HS|  |TAMS 0x0000000702400000, 0x0000000702400000| Complete 
|   1|0x0000000702600000, 0x0000000702800000, 0x0000000702800000|100%|HC|  |TAMS 0x0000000702600000, 0x0000000702600000| Complete 
|   2|0x0000000702800000, 0x0000000702800000, 0x0000000702a00000|  0%| F|  |TAMS 0x0000000702800000, 0x0000000702800000| Untracked 
|   3|0x0000000702a00000, 0x0000000702a00000, 0x0000000702c00000|  0%| F|  |TAMS 0x0000000702a00000, 0x0000000702a00000| Untracked 
|   4|0x0000000702c00000, 0x0000000702c00000, 0x0000000702e00000|  0%| F|  |TAMS 0x0000000702c00000, 0x0000000702c00000| Untracked 
|   5|0x0000000702e00000, 0x0000000702e00000, 0x0000000703000000|  0%| F|  |TAMS 0x0000000702e00000, 0x0000000702e00000| Untracked 
|   6|0x0000000703000000, 0x0000000703000000, 0x0000000703200000|  0%| F|  |TAMS 0x0000000703000000, 0x0000000703000000| Untracked 
|   7|0x0000000703200000, 0x0000000703200000, 0x0000000703400000|  0%| F|  |TAMS 0x0000000703200000, 0x0000000703200000| Untracked 
|   8|0x0000000703400000, 0x0000000703600000, 0x0000000703600000|100%| O|  |TAMS 0x0000000703400000, 0x0000000703400000| Untracked 
|   9|0x0000000703600000, 0x0000000703800000, 0x0000000703800000|100%| O|  |TAMS 0x0000000703600000, 0x0000000703600000| Untracked 
|  10|0x0000000703800000, 0x0000000703a00000, 0x0000000703a00000|100%| O|  |TAMS 0x0000000703800000, 0x0000000703800000| Untracked 
|  11|0x0000000703a00000, 0x0000000703c00000, 0x0000000703c00000|100%| O|  |TAMS 0x0000000703a00000, 0x0000000703a00000| Untracked 
|  12|0x0000000703c00000, 0x0000000703e00000, 0x0000000703e00000|100%| O|  |TAMS 0x0000000703c00000, 0x0000000703c00000| Untracked 
|  13|0x0000000703e00000, 0x0000000704000000, 0x0000000704000000|100%| O|  |TAMS 0x0000000703e00000, 0x0000000703e00000| Untracked 
|  14|0x0000000704000000, 0x0000000704200000, 0x0000000704200000|100%| O|  |TAMS 0x0000000704000000, 0x0000000704000000| Untracked 
|  15|0x0000000704200000, 0x00000007043e2200, 0x0000000704400000| 94%| O|  |TAMS 0x0000000704200000, 0x0000000704200000| Untracked 
|  16|0x0000000704400000, 0x0000000704400000, 0x0000000704600000|  0%| F|  |TAMS 0x0000000704400000, 0x0000000704400000| Untracked 
|  17|0x0000000704600000, 0x0000000704600000, 0x0000000704800000|  0%| F|  |TAMS 0x0000000704600000, 0x0000000704600000| Untracked 
|  18|0x0000000704800000, 0x0000000704800000, 0x0000000704a00000|  0%| F|  |TAMS 0x0000000704800000, 0x0000000704800000| Untracked 
|  19|0x0000000704a00000, 0x0000000704a00000, 0x0000000704c00000|  0%| F|  |TAMS 0x0000000704a00000, 0x0000000704a00000| Untracked 
|  20|0x0000000704c00000, 0x0000000704c00000, 0x0000000704e00000|  0%| F|  |TAMS 0x0000000704c00000, 0x0000000704c00000| Untracked 
|  21|0x0000000704e00000, 0x0000000704e00000, 0x0000000705000000|  0%| F|  |TAMS 0x0000000704e00000, 0x0000000704e00000| Untracked 
|  22|0x0000000705000000, 0x0000000705000000, 0x0000000705200000|  0%| F|  |TAMS 0x0000000705000000, 0x0000000705000000| Untracked 
|  23|0x0000000705200000, 0x0000000705200000, 0x0000000705400000|  0%| F|  |TAMS 0x0000000705200000, 0x0000000705200000| Untracked 
|  24|0x0000000705400000, 0x0000000705400000, 0x0000000705600000|  0%| F|  |TAMS 0x0000000705400000, 0x0000000705400000| Untracked 
|  25|0x0000000705600000, 0x0000000705600000, 0x0000000705800000|  0%| F|  |TAMS 0x0000000705600000, 0x0000000705600000| Untracked 
|  26|0x0000000705800000, 0x0000000705800000, 0x0000000705a00000|  0%| F|  |TAMS 0x0000000705800000, 0x0000000705800000| Untracked 
|  27|0x0000000705a00000, 0x0000000705a00000, 0x0000000705c00000|  0%| F|  |TAMS 0x0000000705a00000, 0x0000000705a00000| Untracked 
|  28|0x0000000705c00000, 0x0000000705c00000, 0x0000000705e00000|  0%| F|  |TAMS 0x0000000705c00000, 0x0000000705c00000| Untracked 
|  29|0x0000000705e00000, 0x0000000705e00000, 0x0000000706000000|  0%| F|  |TAMS 0x0000000705e00000, 0x0000000705e00000| Untracked 
|  30|0x0000000706000000, 0x0000000706000000, 0x0000000706200000|  0%| F|  |TAMS 0x0000000706000000, 0x0000000706000000| Untracked 
|  31|0x0000000706200000, 0x0000000706200000, 0x0000000706400000|  0%| F|  |TAMS 0x0000000706200000, 0x0000000706200000| Untracked 
|  32|0x0000000706400000, 0x0000000706400000, 0x0000000706600000|  0%| F|  |TAMS 0x0000000706400000, 0x0000000706400000| Untracked 
|  33|0x0000000706600000, 0x0000000706600000, 0x0000000706800000|  0%| F|  |TAMS 0x0000000706600000, 0x0000000706600000| Untracked 
|  34|0x0000000706800000, 0x0000000706800000, 0x0000000706a00000|  0%| F|  |TAMS 0x0000000706800000, 0x0000000706800000| Untracked 
|  35|0x0000000706a00000, 0x0000000706a00000, 0x0000000706c00000|  0%| F|  |TAMS 0x0000000706a00000, 0x0000000706a00000| Untracked 
|  36|0x0000000706c00000, 0x0000000706c00000, 0x0000000706e00000|  0%| F|  |TAMS 0x0000000706c00000, 0x0000000706c00000| Untracked 
|  37|0x0000000706e00000, 0x0000000706e00000, 0x0000000707000000|  0%| F|  |TAMS 0x0000000706e00000, 0x0000000706e00000| Untracked 
|  38|0x0000000707000000, 0x0000000707000000, 0x0000000707200000|  0%| F|  |TAMS 0x0000000707000000, 0x0000000707000000| Untracked 
|  39|0x0000000707200000, 0x0000000707200000, 0x0000000707400000|  0%| F|  |TAMS 0x0000000707200000, 0x0000000707200000| Untracked 
|  40|0x0000000707400000, 0x0000000707400000, 0x0000000707600000|  0%| F|  |TAMS 0x0000000707400000, 0x0000000707400000| Untracked 
|  41|0x0000000707600000, 0x0000000707600000, 0x0000000707800000|  0%| F|  |TAMS 0x0000000707600000, 0x0000000707600000| Untracked 
|  42|0x0000000707800000, 0x0000000707800000, 0x0000000707a00000|  0%| F|  |TAMS 0x0000000707800000, 0x0000000707800000| Untracked 
|  43|0x0000000707a00000, 0x0000000707a00000, 0x0000000707c00000|  0%| F|  |TAMS 0x0000000707a00000, 0x0000000707a00000| Untracked 
|  44|0x0000000707c00000, 0x0000000707c00000, 0x0000000707e00000|  0%| F|  |TAMS 0x0000000707c00000, 0x0000000707c00000| Untracked 
|  45|0x0000000707e00000, 0x0000000707e00000, 0x0000000708000000|  0%| F|  |TAMS 0x0000000707e00000, 0x0000000707e00000| Untracked 
|  46|0x0000000708000000, 0x0000000708000000, 0x0000000708200000|  0%| F|  |TAMS 0x0000000708000000, 0x0000000708000000| Untracked 
|  47|0x0000000708200000, 0x0000000708200000, 0x0000000708400000|  0%| F|  |TAMS 0x0000000708200000, 0x0000000708200000| Untracked 
|  48|0x0000000708400000, 0x0000000708400000, 0x0000000708600000|  0%| F|  |TAMS 0x0000000708400000, 0x0000000708400000| Untracked 
|  49|0x0000000708600000, 0x0000000708600000, 0x0000000708800000|  0%| F|  |TAMS 0x0000000708600000, 0x0000000708600000| Untracked 
|  50|0x0000000708800000, 0x0000000708800000, 0x0000000708a00000|  0%| F|  |TAMS 0x0000000708800000, 0x0000000708800000| Untracked 
|  51|0x0000000708a00000, 0x0000000708a00000, 0x0000000708c00000|  0%| F|  |TAMS 0x0000000708a00000, 0x0000000708a00000| Untracked 
|  52|0x0000000708c00000, 0x0000000708c00000, 0x0000000708e00000|  0%| F|  |TAMS 0x0000000708c00000, 0x0000000708c00000| Untracked 
|  53|0x0000000708e00000, 0x0000000708e00000, 0x0000000709000000|  0%| F|  |TAMS 0x0000000708e00000, 0x0000000708e00000| Untracked 
|  54|0x0000000709000000, 0x0000000709000000, 0x0000000709200000|  0%| F|  |TAMS 0x0000000709000000, 0x0000000709000000| Untracked 
|  55|0x0000000709200000, 0x0000000709200000, 0x0000000709400000|  0%| F|  |TAMS 0x0000000709200000, 0x0000000709200000| Untracked 
|  56|0x0000000709400000, 0x0000000709400000, 0x0000000709600000|  0%| F|  |TAMS 0x0000000709400000, 0x0000000709400000| Untracked 
|  57|0x0000000709600000, 0x0000000709600000, 0x0000000709800000|  0%| F|  |TAMS 0x0000000709600000, 0x0000000709600000| Untracked 
|  58|0x0000000709800000, 0x0000000709800000, 0x0000000709a00000|  0%| F|  |TAMS 0x0000000709800000, 0x0000000709800000| Untracked 
|  59|0x0000000709a00000, 0x0000000709a00000, 0x0000000709c00000|  0%| F|  |TAMS 0x0000000709a00000, 0x0000000709a00000| Untracked 
|  60|0x0000000709c00000, 0x0000000709c00000, 0x0000000709e00000|  0%| F|  |TAMS 0x0000000709c00000, 0x0000000709c00000| Untracked 
|  61|0x0000000709e00000, 0x0000000709e00000, 0x000000070a000000|  0%| F|  |TAMS 0x0000000709e00000, 0x0000000709e00000| Untracked 
|  62|0x000000070a000000, 0x000000070a000000, 0x000000070a200000|  0%| F|  |TAMS 0x000000070a000000, 0x000000070a000000| Untracked 
|  63|0x000000070a200000, 0x000000070a200000, 0x000000070a400000|  0%| F|  |TAMS 0x000000070a200000, 0x000000070a200000| Untracked 
|  64|0x000000070a400000, 0x000000070a400000, 0x000000070a600000|  0%| F|  |TAMS 0x000000070a400000, 0x000000070a400000| Untracked 
|  65|0x000000070a600000, 0x000000070a600000, 0x000000070a800000|  0%| F|  |TAMS 0x000000070a600000, 0x000000070a600000| Untracked 
|  66|0x000000070a800000, 0x000000070a800000, 0x000000070aa00000|  0%| F|  |TAMS 0x000000070a800000, 0x000000070a800000| Untracked 
|  67|0x000000070aa00000, 0x000000070aa00000, 0x000000070ac00000|  0%| F|  |TAMS 0x000000070aa00000, 0x000000070aa00000| Untracked 
|  68|0x000000070ac00000, 0x000000070ac00000, 0x000000070ae00000|  0%| F|  |TAMS 0x000000070ac00000, 0x000000070ac00000| Untracked 
|  69|0x000000070ae00000, 0x000000070ae00000, 0x000000070b000000|  0%| F|  |TAMS 0x000000070ae00000, 0x000000070ae00000| Untracked 
|  70|0x000000070b000000, 0x000000070b000000, 0x000000070b200000|  0%| F|  |TAMS 0x000000070b000000, 0x000000070b000000| Untracked 
|  71|0x000000070b200000, 0x000000070b200000, 0x000000070b400000|  0%| F|  |TAMS 0x000000070b200000, 0x000000070b200000| Untracked 
|  72|0x000000070b400000, 0x000000070b400000, 0x000000070b600000|  0%| F|  |TAMS 0x000000070b400000, 0x000000070b400000| Untracked 
|  73|0x000000070b600000, 0x000000070b600000, 0x000000070b800000|  0%| F|  |TAMS 0x000000070b600000, 0x000000070b600000| Untracked 
|  74|0x000000070b800000, 0x000000070b800000, 0x000000070ba00000|  0%| F|  |TAMS 0x000000070b800000, 0x000000070b800000| Untracked 
|  75|0x000000070ba00000, 0x000000070ba00000, 0x000000070bc00000|  0%| F|  |TAMS 0x000000070ba00000, 0x000000070ba00000| Untracked 
|  76|0x000000070bc00000, 0x000000070bc00000, 0x000000070be00000|  0%| F|  |TAMS 0x000000070bc00000, 0x000000070bc00000| Untracked 
|  77|0x000000070be00000, 0x000000070be00000, 0x000000070c000000|  0%| F|  |TAMS 0x000000070be00000, 0x000000070be00000| Untracked 
|  78|0x000000070c000000, 0x000000070c000000, 0x000000070c200000|  0%| F|  |TAMS 0x000000070c000000, 0x000000070c000000| Untracked 
|  79|0x000000070c200000, 0x000000070c200000, 0x000000070c400000|  0%| F|  |TAMS 0x000000070c200000, 0x000000070c200000| Untracked 
|  80|0x000000070c400000, 0x000000070c400000, 0x000000070c600000|  0%| F|  |TAMS 0x000000070c400000, 0x000000070c400000| Untracked 
|  81|0x000000070c600000, 0x000000070c600000, 0x000000070c800000|  0%| F|  |TAMS 0x000000070c600000, 0x000000070c600000| Untracked 
|  82|0x000000070c800000, 0x000000070c800000, 0x000000070ca00000|  0%| F|  |TAMS 0x000000070c800000, 0x000000070c800000| Untracked 
|  83|0x000000070ca00000, 0x000000070ca00000, 0x000000070cc00000|  0%| F|  |TAMS 0x000000070ca00000, 0x000000070ca00000| Untracked 
|  84|0x000000070cc00000, 0x000000070cc00000, 0x000000070ce00000|  0%| F|  |TAMS 0x000000070cc00000, 0x000000070cc00000| Untracked 
|  85|0x000000070ce00000, 0x000000070ce00000, 0x000000070d000000|  0%| F|  |TAMS 0x000000070ce00000, 0x000000070ce00000| Untracked 
|  86|0x000000070d000000, 0x000000070d000000, 0x000000070d200000|  0%| F|  |TAMS 0x000000070d000000, 0x000000070d000000| Untracked 
|  87|0x000000070d200000, 0x000000070d200000, 0x000000070d400000|  0%| F|  |TAMS 0x000000070d200000, 0x000000070d200000| Untracked 
|  88|0x000000070d400000, 0x000000070d400000, 0x000000070d600000|  0%| F|  |TAMS 0x000000070d400000, 0x000000070d400000| Untracked 
|  89|0x000000070d600000, 0x000000070d600000, 0x000000070d800000|  0%| F|  |TAMS 0x000000070d600000, 0x000000070d600000| Untracked 
|  90|0x000000070d800000, 0x000000070d800000, 0x000000070da00000|  0%| F|  |TAMS 0x000000070d800000, 0x000000070d800000| Untracked 
|  91|0x000000070da00000, 0x000000070da00000, 0x000000070dc00000|  0%| F|  |TAMS 0x000000070da00000, 0x000000070da00000| Untracked 
|  92|0x000000070dc00000, 0x000000070dc00000, 0x000000070de00000|  0%| F|  |TAMS 0x000000070dc00000, 0x000000070dc00000| Untracked 
|  93|0x000000070de00000, 0x000000070de00000, 0x000000070e000000|  0%| F|  |TAMS 0x000000070de00000, 0x000000070de00000| Untracked 
|  94|0x000000070e000000, 0x000000070e000000, 0x000000070e200000|  0%| F|  |TAMS 0x000000070e000000, 0x000000070e000000| Untracked 
|  95|0x000000070e200000, 0x000000070e200000, 0x000000070e400000|  0%| F|  |TAMS 0x000000070e200000, 0x000000070e200000| Untracked 
|  96|0x000000070e400000, 0x000000070e400000, 0x000000070e600000|  0%| F|  |TAMS 0x000000070e400000, 0x000000070e400000| Untracked 
|  97|0x000000070e600000, 0x000000070e600000, 0x000000070e800000|  0%| F|  |TAMS 0x000000070e600000, 0x000000070e600000| Untracked 
|  98|0x000000070e800000, 0x000000070e800000, 0x000000070ea00000|  0%| F|  |TAMS 0x000000070e800000, 0x000000070e800000| Untracked 
|  99|0x000000070ea00000, 0x000000070ea00000, 0x000000070ec00000|  0%| F|  |TAMS 0x000000070ea00000, 0x000000070ea00000| Untracked 
| 100|0x000000070ec00000, 0x000000070ec00000, 0x000000070ee00000|  0%| F|  |TAMS 0x000000070ec00000, 0x000000070ec00000| Untracked 
| 101|0x000000070ee00000, 0x000000070ee00000, 0x000000070f000000|  0%| F|  |TAMS 0x000000070ee00000, 0x000000070ee00000| Untracked 
| 102|0x000000070f000000, 0x000000070f000000, 0x000000070f200000|  0%| F|  |TAMS 0x000000070f000000, 0x000000070f000000| Untracked 
| 103|0x000000070f200000, 0x000000070f200000, 0x000000070f400000|  0%| F|  |TAMS 0x000000070f200000, 0x000000070f200000| Untracked 
| 104|0x000000070f400000, 0x000000070f400000, 0x000000070f600000|  0%| F|  |TAMS 0x000000070f400000, 0x000000070f400000| Untracked 
| 105|0x000000070f600000, 0x000000070f600000, 0x000000070f800000|  0%| F|  |TAMS 0x000000070f600000, 0x000000070f600000| Untracked 
| 106|0x000000070f800000, 0x000000070f800000, 0x000000070fa00000|  0%| F|  |TAMS 0x000000070f800000, 0x000000070f800000| Untracked 
| 107|0x000000070fa00000, 0x000000070fa00000, 0x000000070fc00000|  0%| F|  |TAMS 0x000000070fa00000, 0x000000070fa00000| Untracked 
| 108|0x000000070fc00000, 0x000000070fc00000, 0x000000070fe00000|  0%| F|  |TAMS 0x000000070fc00000, 0x000000070fc00000| Untracked 
| 109|0x000000070fe00000, 0x000000070fe00000, 0x0000000710000000|  0%| F|  |TAMS 0x000000070fe00000, 0x000000070fe00000| Untracked 
| 110|0x0000000710000000, 0x0000000710000000, 0x0000000710200000|  0%| F|  |TAMS 0x0000000710000000, 0x0000000710000000| Untracked 
| 111|0x0000000710200000, 0x0000000710200000, 0x0000000710400000|  0%| F|  |TAMS 0x0000000710200000, 0x0000000710200000| Untracked 
| 112|0x0000000710400000, 0x0000000710400000, 0x0000000710600000|  0%| F|  |TAMS 0x0000000710400000, 0x0000000710400000| Untracked 
| 113|0x0000000710600000, 0x0000000710600000, 0x0000000710800000|  0%| F|  |TAMS 0x0000000710600000, 0x0000000710600000| Untracked 
| 114|0x0000000710800000, 0x0000000710a00000, 0x0000000710a00000|100%| S|CS|TAMS 0x0000000710800000, 0x0000000710800000| Complete 
| 115|0x0000000710a00000, 0x0000000710c00000, 0x0000000710c00000|100%| S|CS|TAMS 0x0000000710a00000, 0x0000000710a00000| Complete 
| 116|0x0000000710c00000, 0x0000000710c00000, 0x0000000710e00000|  0%| F|  |TAMS 0x0000000710c00000, 0x0000000710c00000| Untracked 
| 117|0x0000000710e00000, 0x0000000710e00000, 0x0000000711000000|  0%| F|  |TAMS 0x0000000710e00000, 0x0000000710e00000| Untracked 
| 118|0x0000000711000000, 0x0000000711000000, 0x0000000711200000|  0%| F|  |TAMS 0x0000000711000000, 0x0000000711000000| Untracked 
| 119|0x0000000711200000, 0x0000000711200000, 0x0000000711400000|  0%| F|  |TAMS 0x0000000711200000, 0x0000000711200000| Untracked 
| 120|0x0000000711400000, 0x0000000711400000, 0x0000000711600000|  0%| F|  |TAMS 0x0000000711400000, 0x0000000711400000| Untracked 
| 121|0x0000000711600000, 0x00000007117b40f8, 0x0000000711800000| 85%| E|  |TAMS 0x0000000711600000, 0x0000000711600000| Complete 
| 122|0x0000000711800000, 0x0000000711a00000, 0x0000000711a00000|100%| E|CS|TAMS 0x0000000711800000, 0x0000000711800000| Complete 
| 123|0x0000000711a00000, 0x0000000711c00000, 0x0000000711c00000|100%| E|CS|TAMS 0x0000000711a00000, 0x0000000711a00000| Complete 
| 124|0x0000000711c00000, 0x0000000711e00000, 0x0000000711e00000|100%| E|CS|TAMS 0x0000000711c00000, 0x0000000711c00000| Complete 
| 125|0x0000000711e00000, 0x0000000712000000, 0x0000000712000000|100%| E|CS|TAMS 0x0000000711e00000, 0x0000000711e00000| Complete 
| 126|0x0000000712000000, 0x0000000712200000, 0x0000000712200000|100%| E|CS|TAMS 0x0000000712000000, 0x0000000712000000| Complete 

Card table byte_map: [0x000001c17f160000,0x000001c17f950000] _byte_map_base: 0x000001c17b94e000

Marking Bits (Prev, Next): (CMBitMap*) 0x000001c17aa8dab0, (CMBitMap*) 0x000001c17aa8daf0
 Prev Bits: [0x000001c10f7f0000, 0x000001c113760000)
 Next Bits: [0x000001c113760000, 0x000001c1176d0000)

Polling page: 0x000001c1789d0000

Metaspace:

Usage:
  Non-class:      4.59 MB used.
      Class:    408.48 KB used.
       Both:      4.99 MB used.

Virtual space:
  Non-class space:        8.00 MB reserved,       4.62 MB ( 58%) committed,  1 nodes.
      Class space:        1.00 GB reserved,     512.00 KB ( <1%) committed,  1 nodes.
             Both:        1.01 GB reserved,       5.12 MB ( <1%) committed. 

Chunk freelists:
   Non-Class:  2.62 MB
       Class:  3.55 MB
        Both:  6.17 MB

MaxMetaspaceSize: unlimited
CompressedClassSpaceSize: 1.00 GB
Initial GC threshold: 21.00 MB
Current GC threshold: 21.00 MB
CDS: off
MetaspaceReclaimPolicy: balanced
 - commit_granule_bytes: 65536.
 - commit_granule_words: 8192.
 - virtual_space_node_default_size: 1048576.
 - enlarge_chunks_in_place: 1.
 - new_chunks_are_fully_committed: 0.
 - uncommit_free_chunks: 1.
 - use_allocation_guard: 0.
 - handle_deallocations: 1.


Internal statistics:

num_allocs_failed_limit: 0.
num_arena_births: 4.
num_arena_deaths: 0.
num_vsnodes_births: 2.
num_vsnodes_deaths: 0.
num_space_committed: 82.
num_space_uncommitted: 0.
num_chunks_returned_to_freelist: 0.
num_chunks_taken_from_freelist: 26.
num_chunk_merges: 0.
num_chunk_splits: 15.
num_chunks_enlarged: 13.
num_purges: 0.
num_inconsistent_stats: 0.

CodeHeap 'non-profiled nmethods': size=119168Kb used=44Kb max_used=44Kb free=119123Kb
 bounds [0x000001c107ba0000, 0x000001c107e10000, 0x000001c10f000000]
CodeHeap 'profiled nmethods': size=119104Kb used=189Kb max_used=189Kb free=118914Kb
 bounds [0x000001c100750000, 0x000001c1009c0000, 0x000001c107ba0000]
CodeHeap 'non-nmethods': size=7488Kb used=2299Kb max_used=2314Kb free=5188Kb
 bounds [0x000001c100000000, 0x000001c100270000, 0x000001c100750000]
 total_blobs=592 nmethods=119 adapters=384
 compilation: enabled
              stopped_count=0, restarted_count=0
 full_count=0

Compilation events (20 events):
Event: 0.159 Thread 0x000001c11ac982e0   96 %     4       FSModel.FSModelConverter::GetRasterValuesFromFilePath @ 143 (183 bytes)
Event: 0.162 Thread 0x000001c11ac982e0 nmethod 96% 0x000001c107ba5d90 code [0x000001c107ba5f40, 0x000001c107ba6398]
Event: 0.163 Thread 0x000001c11ac99470   97       3       jdk.internal.math.FDBigInteger::mult (64 bytes)
Event: 0.163 Thread 0x000001c11adf3550   98       3       jdk.internal.math.FDBigInteger::<init> (30 bytes)
Event: 0.163 Thread 0x000001c11adf3040   99       3       jdk.internal.math.FDBigInteger::trimLeadingZeros (57 bytes)
Event: 0.163 Thread 0x000001c11adf3550 nmethod 98 0x000001c100772790 code [0x000001c100772940, 0x000001c100772b48]
Event: 0.163 Thread 0x000001c11ac99470 nmethod 97 0x000001c100772c90 code [0x000001c100772e40, 0x000001c1007730b8]
Event: 0.163 Thread 0x000001c11ac99470  100       3       jdk.internal.math.FDBigInteger::makeImmutable (6 bytes)
Event: 0.163 Thread 0x000001c11adf3040 nmethod 99 0x000001c100773290 code [0x000001c100773440, 0x000001c100773718]
Event: 0.163 Thread 0x000001c11adf3550  101       3       jdk.internal.math.FDBigInteger::mult (44 bytes)
Event: 0.163 Thread 0x000001c11ac99470 nmethod 100 0x000001c100773810 code [0x000001c1007739a0, 0x000001c100773ab8]
Event: 0.163 Thread 0x000001c11adf3550 nmethod 101 0x000001c100773b90 code [0x000001c100773d60, 0x000001c100774198]
Event: 0.165 Thread 0x000001c11adf3550  102 %     3       FSModel.FSModelConverter::GetMatrixFromValue @ 19 (47 bytes)
Event: 0.165 Thread 0x000001c11adf3550 nmethod 102% 0x000001c100774310 code [0x000001c1007744c0, 0x000001c100774858]
Event: 0.166 Thread 0x000001c11adf3550  103       3       FSModel.FSModelConverter::GetMatrixFromValue (47 bytes)
Event: 0.166 Thread 0x000001c11adf3550 nmethod 103 0x000001c100774a10 code [0x000001c100774bc0, 0x000001c100774ed8]
Event: 0.166 Thread 0x000001c11ac982e0  104 %     4       FSModel.FSModelConverter::GetMatrixFromValue @ 19 (47 bytes)
Event: 0.170 Thread 0x000001c11ac982e0 nmethod 104% 0x000001c107ba6610 code [0x000001c107ba67a0, 0x000001c107ba6ad8]
Event: 0.178 Thread 0x000001c11ac982e0  105       4       FSModel.FSModelConverter::GetMatrixFromValue (47 bytes)
Event: 0.183 Thread 0x000001c11ac982e0 nmethod 105 0x000001c107ba6d10 code [0x000001c107ba6ea0, 0x000001c107ba7138]

GC Heap History (2 events):
Event: 0.178 GC heap before
{Heap before GC invocations=0 (full 0):
 garbage-first heap   total 260096K, used 38912K [0x0000000702400000, 0x0000000800000000)
  region size 2048K, 11 young (22528K), 0 survivors (0K)
 Metaspace       used 5102K, committed 5248K, reserved 1056768K
  class space    used 408K, committed 512K, reserved 1048576K
}
Event: 0.183 GC heap after
{Heap after GC invocations=1 (full 0):
 garbage-first heap   total 260096K, used 20360K [0x0000000702400000, 0x0000000800000000)
  region size 2048K, 2 young (4096K), 2 survivors (4096K)
 Metaspace       used 5102K, committed 5248K, reserved 1056768K
  class space    used 408K, committed 512K, reserved 1048576K
}

Deoptimization events (10 events):
Event: 0.151 Thread 0x000001c17aa3b310 Uncommon trap: trap_request=0xffffff45 fr.pc=0x000001c107ba4270 relative=0x0000000000000350
Event: 0.151 Thread 0x000001c17aa3b310 Uncommon trap: reason=unstable_if action=reinterpret pc=0x000001c107ba4270 method=FSModel.FSModelConverter.GetRasterValuesFromFilePath(Ljava/lang/String;)[[F @ 170 c2
Event: 0.151 Thread 0x000001c17aa3b310 DEOPT PACKING pc=0x000001c107ba4270 sp=0x00000091a7dfeee0
Event: 0.151 Thread 0x000001c17aa3b310 DEOPT UNPACKING pc=0x000001c1000523a3 sp=0x00000091a7dfee78 mode 2
Event: 0.178 Thread 0x000001c17aa3b310 DEOPT PACKING pc=0x000001c100774e2a sp=0x00000091a7dfeef0
Event: 0.178 Thread 0x000001c17aa3b310 DEOPT UNPACKING pc=0x000001c100052b43 sp=0x00000091a7dfe380 mode 0
Event: 0.178 Thread 0x000001c17aa3b310 Uncommon trap: trap_request=0xffffff45 fr.pc=0x000001c107ba6a08 relative=0x0000000000000268
Event: 0.178 Thread 0x000001c17aa3b310 Uncommon trap: reason=unstable_if action=reinterpret pc=0x000001c107ba6a08 method=FSModel.FSModelConverter.GetMatrixFromValue(FII)[[F @ 42 c2
Event: 0.178 Thread 0x000001c17aa3b310 DEOPT PACKING pc=0x000001c107ba6a08 sp=0x00000091a7dfeed0
Event: 0.178 Thread 0x000001c17aa3b310 DEOPT UNPACKING pc=0x000001c1000523a3 sp=0x00000091a7dfee90 mode 2

Classes unloaded (0 events):
No events

Classes redefined (0 events):
No events

Internal exceptions (0 events):
No events

VM Operations (6 events):
Event: 0.090 Executing VM operation: HandshakeAllThreads
Event: 0.090 Executing VM operation: HandshakeAllThreads done
Event: 0.120 Executing VM operation: HandshakeAllThreads
Event: 0.120 Executing VM operation: HandshakeAllThreads done
Event: 0.178 Executing VM operation: G1CollectForAllocation
Event: 0.183 Executing VM operation: G1CollectForAllocation done

Events (20 events):
Event: 0.120 loading class java/lang/UnsupportedOperationException
Event: 0.120 loading class java/lang/UnsupportedOperationException done
Event: 0.162 loading class jdk/internal/math/FloatingDecimal
Event: 0.162 loading class jdk/internal/math/FloatingDecimal done
Event: 0.162 loading class jdk/internal/math/FloatingDecimal$ExceptionalBinaryToASCIIBuffer
Event: 0.162 loading class jdk/internal/math/FloatingDecimal$BinaryToASCIIConverter
Event: 0.162 loading class jdk/internal/math/FloatingDecimal$BinaryToASCIIConverter done
Event: 0.162 loading class jdk/internal/math/FloatingDecimal$ExceptionalBinaryToASCIIBuffer done
Event: 0.162 loading class jdk/internal/math/FloatingDecimal$BinaryToASCIIBuffer
Event: 0.162 loading class jdk/internal/math/FloatingDecimal$BinaryToASCIIBuffer done
Event: 0.162 loading class jdk/internal/math/FloatingDecimal$1
Event: 0.162 loading class jdk/internal/math/FloatingDecimal$1 done
Event: 0.162 loading class jdk/internal/math/FloatingDecimal$PreparedASCIIToBinaryBuffer
Event: 0.162 loading class jdk/internal/math/FloatingDecimal$ASCIIToBinaryConverter
Event: 0.163 loading class jdk/internal/math/FloatingDecimal$ASCIIToBinaryConverter done
Event: 0.163 loading class jdk/internal/math/FloatingDecimal$PreparedASCIIToBinaryBuffer done
Event: 0.163 loading class jdk/internal/math/FDBigInteger
Event: 0.163 loading class jdk/internal/math/FDBigInteger done
Event: 0.163 loading class jdk/internal/math/FloatingDecimal$ASCIIToBinaryBuffer
Event: 0.163 loading class jdk/internal/math/FloatingDecimal$ASCIIToBinaryBuffer done


Dynamic libraries:
0x00007ff6f48c0000 - 0x00007ff6f48ce000 	C:\Users\zhaoz\.p2\pool\plugins\org.eclipse.justj.openjdk.hotspot.jre.full.win32.x86_64_17.0.1.v20211116-1657\jre\bin\javaw.exe
0x00007ffa077b0000 - 0x00007ffa079a5000 	C:\Windows\SYSTEM32\ntdll.dll
0x00007ffa06f50000 - 0x00007ffa0700e000 	C:\Windows\System32\KERNEL32.DLL
0x00007ffa05430000 - 0x00007ffa056f8000 	C:\Windows\System32\KERNELBASE.dll
0x00007ffa05180000 - 0x00007ffa05280000 	C:\Windows\System32\ucrtbase.dll
0x00007ff9f8e20000 - 0x00007ff9f8e38000 	C:\Users\zhaoz\.p2\pool\plugins\org.eclipse.justj.openjdk.hotspot.jre.full.win32.x86_64_17.0.1.v20211116-1657\jre\bin\jli.dll
0x00007ff9eac90000 - 0x00007ff9eaca9000 	C:\Users\zhaoz\.p2\pool\plugins\org.eclipse.justj.openjdk.hotspot.jre.full.win32.x86_64_17.0.1.v20211116-1657\jre\bin\VCRUNTIME140.dll
0x00007ffa06b10000 - 0x00007ffa06cb1000 	C:\Windows\System32\USER32.dll
0x00007ffa05700000 - 0x00007ffa05722000 	C:\Windows\System32\win32u.dll
0x00007ffa07010000 - 0x00007ffa0703b000 	C:\Windows\System32\GDI32.dll
0x00007ff9f8a00000 - 0x00007ff9f8c9a000 	C:\Windows\WinSxS\amd64_microsoft.windows.common-controls_6595b64144ccf1df_6.0.19041.1110_none_60b5254171f9507e\COMCTL32.dll
0x00007ffa04f30000 - 0x00007ffa0503b000 	C:\Windows\System32\gdi32full.dll
0x00007ffa074c0000 - 0x00007ffa0755e000 	C:\Windows\System32\msvcrt.dll
0x00007ffa05760000 - 0x00007ffa057fd000 	C:\Windows\System32\msvcp_win.dll
0x00007ffa06e60000 - 0x00007ffa06e90000 	C:\Windows\System32\IMM32.DLL
0x00007ff9ff980000 - 0x00007ff9ff98c000 	C:\Users\zhaoz\.p2\pool\plugins\org.eclipse.justj.openjdk.hotspot.jre.full.win32.x86_64_17.0.1.v20211116-1657\jre\bin\vcruntime140_1.dll
0x00007ff9c2e70000 - 0x00007ff9c2f01000 	C:\Users\zhaoz\.p2\pool\plugins\org.eclipse.justj.openjdk.hotspot.jre.full.win32.x86_64_17.0.1.v20211116-1657\jre\bin\msvcp140.dll
0x00007ff9af250000 - 0x00007ff9afe96000 	C:\Users\zhaoz\.p2\pool\plugins\org.eclipse.justj.openjdk.hotspot.jre.full.win32.x86_64_17.0.1.v20211116-1657\jre\bin\server\jvm.dll
0x00007ffa06230000 - 0x00007ffa062dc000 	C:\Windows\System32\ADVAPI32.dll
0x00007ffa06130000 - 0x00007ffa061cb000 	C:\Windows\System32\sechost.dll
0x00007ffa05800000 - 0x00007ffa0592a000 	C:\Windows\System32\RPCRT4.dll
0x00007ffa06120000 - 0x00007ffa06128000 	C:\Windows\System32\PSAPI.DLL
0x00007ff9ff970000 - 0x00007ff9ff979000 	C:\Windows\SYSTEM32\WSOCK32.dll
0x00007ff9fcec0000 - 0x00007ff9fceca000 	C:\Windows\SYSTEM32\VERSION.dll
0x00007ffa07560000 - 0x00007ffa075cb000 	C:\Windows\System32\WS2_32.dll
0x00007ff9fbac0000 - 0x00007ff9fbae7000 	C:\Windows\SYSTEM32\WINMM.dll
0x00007ffa03750000 - 0x00007ffa03762000 	C:\Windows\SYSTEM32\kernel.appcore.dll
0x00007ff9ff680000 - 0x00007ff9ff68a000 	C:\Users\zhaoz\.p2\pool\plugins\org.eclipse.justj.openjdk.hotspot.jre.full.win32.x86_64_17.0.1.v20211116-1657\jre\bin\jimage.dll
0x00007ffa02da0000 - 0x00007ffa02f84000 	C:\Windows\SYSTEM32\DBGHELP.DLL
0x00007ff9fb150000 - 0x00007ff9fb17c000 	C:\Windows\SYSTEM32\dbgcore.DLL
0x00007ffa050f0000 - 0x00007ffa05173000 	C:\Windows\System32\bcryptPrimitives.dll
0x00007ff9f05b0000 - 0x00007ff9f05d5000 	C:\Users\zhaoz\.p2\pool\plugins\org.eclipse.justj.openjdk.hotspot.jre.full.win32.x86_64_17.0.1.v20211116-1657\jre\bin\java.dll
0x00007ff9fd9d0000 - 0x00007ff9fd9e8000 	C:\Users\zhaoz\.p2\pool\plugins\org.eclipse.justj.openjdk.hotspot.jre.full.win32.x86_64_17.0.1.v20211116-1657\jre\bin\zip.dll
0x00007ffa06300000 - 0x00007ffa06a3f000 	C:\Windows\System32\SHELL32.dll
0x00007ffa02f90000 - 0x00007ffa03720000 	C:\Windows\SYSTEM32\windows.storage.dll
0x00007ffa05c10000 - 0x00007ffa05f65000 	C:\Windows\System32\combase.dll
0x00007ffa04920000 - 0x00007ffa0494e000 	C:\Windows\SYSTEM32\Wldp.dll
0x00007ffa075d0000 - 0x00007ffa0767d000 	C:\Windows\System32\SHCORE.dll
0x00007ffa07680000 - 0x00007ffa076d5000 	C:\Windows\System32\shlwapi.dll
0x00007ffa04e10000 - 0x00007ffa04e2f000 	C:\Windows\SYSTEM32\profapi.dll
0x00007ff9f89e0000 - 0x00007ff9f89f9000 	C:\Users\zhaoz\.p2\pool\plugins\org.eclipse.justj.openjdk.hotspot.jre.full.win32.x86_64_17.0.1.v20211116-1657\jre\bin\net.dll
0x00007ff9fbc10000 - 0x00007ff9fbd1c000 	C:\Windows\SYSTEM32\WINHTTP.dll
0x00007ffa04680000 - 0x00007ffa046ea000 	C:\Windows\system32\mswsock.dll
0x00007ff9ecbd0000 - 0x00007ff9ecbe5000 	C:\Users\zhaoz\.p2\pool\plugins\org.eclipse.justj.openjdk.hotspot.jre.full.win32.x86_64_17.0.1.v20211116-1657\jre\bin\nio.dll
0x00007ff9c2dc0000 - 0x00007ff9c2e64000 	D:\zhaozheng\Public\SinMap\FSModel\libs\gdalalljni.dll
0x00007ff9a2810000 - 0x00007ff9a3e1c000 	D:\zhaozheng\Public\SinMap\FSModel\libs\gdal3.2.0_bin\gdal302.dll
0x00007ffa05a50000 - 0x00007ffa05b7a000 	C:\Windows\System32\ole32.dll
0x00007ffa06a40000 - 0x00007ffa06b0d000 	C:\Windows\System32\OLEAUT32.dll
0x00007ff9bdc40000 - 0x00007ff9bdf26000 	D:\zhaozheng\Public\SinMap\FSModel\libs\gdal3.2.0_bin\xerces-c_3_2.dll
0x0000000180000000 - 0x000000018004d000 	D:\zhaozheng\Public\SinMap\FSModel\libs\gdal3.2.0_bin\LIBPQ.dll
0x00007ff9e78f0000 - 0x00007ff9e7922000 	C:\Program Files\Graphviz\bin\expat.dll
0x00007ffa06e00000 - 0x00007ffa06e56000 	C:\Windows\System32\WLDAP32.dll
0x00007ff9c2a80000 - 0x00007ff9c2b6f000 	D:\zhaozheng\Public\SinMap\FSModel\libs\gdal3.2.0_bin\sqlite3.dll
0x00007ff9be340000 - 0x00007ff9be578000 	D:\zhaozheng\Public\SinMap\FSModel\libs\gdal3.2.0_bin\proj_6_1.dll
0x00007ff9ae270000 - 0x00007ff9aed8b000 	D:\zhaozheng\Public\SinMap\FSModel\libs\gdal3.2.0_bin\spatialite.dll
0x00007ff9a7310000 - 0x00007ff9a7772000 	D:\zhaozheng\Public\SinMap\FSModel\libs\gdal3.2.0_bin\libmysql.dll
0x00007ff9dffe0000 - 0x00007ff9e002d000 	D:\zhaozheng\Public\SinMap\FSModel\libs\gdal3.2.0_bin\geos_c.dll
0x00007ff9dd1e0000 - 0x00007ff9dd24c000 	D:\zhaozheng\Public\SinMap\FSModel\libs\gdal3.2.0_bin\libcurl.dll
0x00007ff9fcd80000 - 0x00007ff9fce38000 	C:\Windows\SYSTEM32\ODBC32.dll
0x00007ffa05280000 - 0x00007ffa053d6000 	C:\Windows\System32\CRYPT32.dll
0x00007ff9dcc60000 - 0x00007ff9dccac000 	D:\zhaozheng\Public\SinMap\FSModel\libs\gdal3.2.0_bin\openjp2.dll
0x00007ff9c2420000 - 0x00007ff9c24c6000 	D:\zhaozheng\Public\SinMap\FSModel\libs\gdal3.2.0_bin\libssl-1_1-x64.dll
0x00007ff9ed130000 - 0x00007ff9ed13c000 	C:\Windows\SYSTEM32\Secur32.dll
0x00007ff9b5480000 - 0x00007ff9b5725000 	D:\zhaozheng\Public\SinMap\FSModel\libs\gdal3.2.0_bin\libcrypto-1_1-x64.dll
0x00007ffa05730000 - 0x00007ffa05757000 	C:\Windows\System32\bcrypt.dll
0x00007ff9d5b80000 - 0x00007ff9d5be0000 	D:\zhaozheng\Public\SinMap\FSModel\libs\gdal3.2.0_bin\proj.dll
0x00007ff9e9f00000 - 0x00007ff9e9f18000 	D:\zhaozheng\Public\SinMap\FSModel\libs\gdal3.2.0_bin\freexl.dll
0x00007ff9c1960000 - 0x00007ff9c1a45000 	D:\zhaozheng\Public\SinMap\FSModel\libs\gdal3.2.0_bin\iconv.dll
0x00007ff9c0620000 - 0x00007ff9c076c000 	D:\zhaozheng\Public\SinMap\FSModel\libs\gdal3.2.0_bin\libxml2.dll
0x00007ff9bd870000 - 0x00007ff9bd9c4000 	D:\zhaozheng\Public\SinMap\FSModel\libs\gdal3.2.0_bin\geos.dll
0x00007ffa04890000 - 0x00007ffa0489c000 	C:\Windows\SYSTEM32\CRYPTBASE.DLL
0x00007ff9dd2b0000 - 0x00007ff9dd2c7000 	D:\zhaozheng\Public\SinMap\FSModel\libs\gdal3.2.0_bin\zlib1.dll
0x00007ffa04cd0000 - 0x00007ffa04cda000 	C:\Windows\SYSTEM32\DPAPI.DLL
0x00007ffa04dc0000 - 0x00007ffa04df1000 	C:\Windows\SYSTEM32\SSPICLI.DLL

dbghelp: loaded successfully - version: 4.0.5 - missing functions: none
symbol engine: initialized successfully - sym options: 0x614 - pdb path: .;C:\Users\zhaoz\.p2\pool\plugins\org.eclipse.justj.openjdk.hotspot.jre.full.win32.x86_64_17.0.1.v20211116-1657\jre\bin;C:\Windows\SYSTEM32;C:\Windows\WinSxS\amd64_microsoft.windows.common-controls_6595b64144ccf1df_6.0.19041.1110_none_60b5254171f9507e;C:\Users\zhaoz\.p2\pool\plugins\org.eclipse.justj.openjdk.hotspot.jre.full.win32.x86_64_17.0.1.v20211116-1657\jre\bin\server;D:\zhaozheng\Public\SinMap\FSModel\libs;D:\zhaozheng\Public\SinMap\FSModel\libs\gdal3.2.0_bin;C:\Program Files\Graphviz\bin

VM Arguments:
jvm_args: -Djava.library.path=D:\zhaozheng\Public\SinMap\FSModel\libs -Dfile.encoding=GBK -XX:+ShowCodeDetailsInExceptionMessages 
java_command: FSModelTest.FSModelTest
java_class_path (initial): D:\zhaozheng\Public\SinMap\FSModel\bin;D:\zhaozheng\Public\SinMap\FSModel\libs\gdal.jar
Launcher Type: SUN_STANDARD

[Global flags]
     intx CICompilerCount                          = 12                                        {product} {ergonomic}
     uint ConcGCThreads                            = 3                                         {product} {ergonomic}
     uint G1ConcRefinementThreads                  = 13                                        {product} {ergonomic}
   size_t G1HeapRegionSize                         = 2097152                                   {product} {ergonomic}
    uintx GCDrainStackTargetSize                   = 64                                        {product} {ergonomic}
   size_t InitialHeapSize                          = 266338304                                 {product} {ergonomic}
   size_t MarkStackSize                            = 4194304                                   {product} {ergonomic}
   size_t MaxHeapSize                              = 4257218560                                {product} {ergonomic}
   size_t MaxNewSize                               = 2554331136                                {product} {ergonomic}
   size_t MinHeapDeltaBytes                        = 2097152                                   {product} {ergonomic}
   size_t MinHeapSize                              = 8388608                                   {product} {ergonomic}
    uintx NonNMethodCodeHeapSize                   = 7602480                                {pd product} {ergonomic}
    uintx NonProfiledCodeHeapSize                  = 122027880                              {pd product} {ergonomic}
    uintx ProfiledCodeHeapSize                     = 122027880                              {pd product} {ergonomic}
    uintx ReservedCodeCacheSize                    = 251658240                              {pd product} {ergonomic}
     bool SegmentedCodeCache                       = true                                      {product} {ergonomic}
     bool ShowCodeDetailsInExceptionMessages       = true                                   {manageable} {command line}
   size_t SoftMaxHeapSize                          = 4257218560                             {manageable} {ergonomic}
     bool UseCompressedClassPointers               = true                           {product lp64_product} {ergonomic}
     bool UseCompressedOops                        = true                           {product lp64_product} {ergonomic}
     bool UseG1GC                                  = true                                      {product} {ergonomic}
     bool UseLargePagesIndividualAllocation        = false                                  {pd product} {ergonomic}

Logging:
Log output configuration:
 #0: stdout all=warning uptime,level,tags
 #1: stderr all=off uptime,level,tags

Environment Variables:
PATH=C:/Users/zhaoz/.p2/pool/plugins/org.eclipse.justj.openjdk.hotspot.jre.full.win32.x86_64_17.0.1.v20211116-1657/jre/bin/server;C:/Users/zhaoz/.p2/pool/plugins/org.eclipse.justj.openjdk.hotspot.jre.full.win32.x86_64_17.0.1.v20211116-1657/jre/bin;C:\Program Files\NVIDIA GPU Computing Toolkit\CUDA\v9.0\bin;C:\Program Files\NVIDIA GPU Computing Toolkit\CUDA\v9.0\libnvvp;C:\Windows\system32;C:\Windows;C:\Windows\System32\Wbem;C:\Windows\System32\WindowsPowerShell\v1.0\;C:\Windows\System32\OpenSSH\;C:\Program Files (x86)\NVIDIA Corporation\PhysX\Common;C:\Program Files\NVIDIA Corporation\NVIDIA NvDLISR;C:\Program Files\Polyspace\R2021a\runtime\win64;C:\Program Files\Polyspace\R2021a\bin;C:\Program Files\Polyspace\R2021a\polyspace\bin;C:\Users\zhaoz\AppData\Local\Programs\Python\Python36\Scripts\;C:\Users\zhaoz\AppData\Local\Programs\Python\Python36\;C:\Users\zhaoz\AppData\Local\Microsoft\WindowsApps;C:\Program Files\Graphviz\bin;D:\zhaozheng\Public\SinMap\FSModel\libs\gdal3.2.0_bin;;C:\Users\zhaoz\Desktop;
USERNAME=zhaoz
OS=Windows_NT
PROCESSOR_IDENTIFIER=AMD64 Family 25 Model 80 Stepping 0, AuthenticAMD



---------------  S Y S T E M  ---------------

OS:
 Windows 10 , 64 bit Build 19041 (10.0.19041.1348)
OS uptime: 4 days 18:00 hours

CPU: total 16 (initial active 16) (16 cores per cpu, 2 threads per core) family 25 model 80 stepping 0 microcode 0x0, cx8, cmov, fxsr, ht, mmx, 3dnowpref, sse, sse2, sse3, ssse3, sse4a, sse4.1, sse4.2, popcnt, lzcnt, tsc, tscinvbit, avx, avx2, aes, erms, clmul, bmi1, bmi2, adx, sha, fma, vzeroupper, clflush, clflushopt

Memory: 4k page, system-wide physical 16236M (10020M free)
TotalPageFile size 25829M (AvailPageFile size 16229M)
current process WorkingSet (physical memory assigned to process): 115M, peak: 115M
current process commit charge ("private bytes"): 367M, peak: 370M

vm_info: OpenJDK 64-Bit Server VM (17.0.1+12) for windows-amd64 JRE (17.0.1+12), built on Oct 20 2021 07:42:55 by "" with MS VC++ 16.7 (VS2019)

END.
